{"timestamp":"2025-10-25T13:40:22.179767","level":"info","event":"DAG bundles loaded: dags-folder","logger":"airflow.dag_processing.bundles.manager.DagBundlesManager"}
{"timestamp":"2025-10-25T13:40:22.180484","level":"info","event":"Filling up the DagBag from /opt/airflow/dags/extract_pipeline.py","logger":"airflow.models.dagbag.DagBag"}
{"timestamp":"2025-10-25T13:40:23.366115","level":"info","event":"Tmp dir root location: /tmp","logger":"airflow.task.hooks.airflow.providers.standard.hooks.subprocess.SubprocessHook"}
{"timestamp":"2025-10-25T13:40:23.367601","level":"info","event":"Running command: ['/usr/bin/bash', '-c', 'python /opt/airflow/dags/operators/fetch_data.py']","logger":"airflow.task.hooks.airflow.providers.standard.hooks.subprocess.SubprocessHook"}
{"timestamp":"2025-10-25T13:40:23.385946","level":"info","event":"Output:","logger":"airflow.task.hooks.airflow.providers.standard.hooks.subprocess.SubprocessHook"}
{"timestamp":"2025-10-25T13:40:31.627364","level":"info","event":"comment level: dict_keys(['title', 'score', 'id', 'url', 'comment'])","logger":"airflow.task.hooks.airflow.providers.standard.hooks.subprocess.SubprocessHook"}
{"timestamp":"2025-10-25T13:40:31.627820","level":"info","event":"reply level: dict_keys(['title', 'score', 'id', 'url', 'comment'])","logger":"airflow.task.hooks.airflow.providers.standard.hooks.subprocess.SubprocessHook"}
{"timestamp":"2025-10-25T13:40:31.627970","level":"info","event":"reply level: dict_keys(['title', 'score', 'id', 'url', 'comment'])","logger":"airflow.task.hooks.airflow.providers.standard.hooks.subprocess.SubprocessHook"}
{"timestamp":"2025-10-25T13:40:31.628091","level":"info","event":"reply level: dict_keys(['title', 'score', 'id', 'url', 'comment'])","logger":"airflow.task.hooks.airflow.providers.standard.hooks.subprocess.SubprocessHook"}
{"timestamp":"2025-10-25T13:40:31.628225","level":"info","event":"reply level: dict_keys(['title', 'score', 'id', 'url', 'comment'])","logger":"airflow.task.hooks.airflow.providers.standard.hooks.subprocess.SubprocessHook"}
{"timestamp":"2025-10-25T13:40:31.628317","level":"info","event":"reply level: dict_keys(['title', 'score', 'id', 'url', 'comment'])","logger":"airflow.task.hooks.airflow.providers.standard.hooks.subprocess.SubprocessHook"}
{"timestamp":"2025-10-25T13:40:31.628398","level":"info","event":"reply level: dict_keys(['title', 'score', 'id', 'url', 'comment'])","logger":"airflow.task.hooks.airflow.providers.standard.hooks.subprocess.SubprocessHook"}
{"timestamp":"2025-10-25T13:40:31.628482","level":"info","event":"comment level: dict_keys(['title', 'score', 'id', 'url', 'comment'])","logger":"airflow.task.hooks.airflow.providers.standard.hooks.subprocess.SubprocessHook"}
{"timestamp":"2025-10-25T13:40:31.628560","level":"info","event":"reply level: dict_keys(['title', 'score', 'id', 'url', 'comment'])","logger":"airflow.task.hooks.airflow.providers.standard.hooks.subprocess.SubprocessHook"}
{"timestamp":"2025-10-25T13:40:31.628667","level":"info","event":"comment level: dict_keys(['title', 'score', 'id', 'url', 'comment'])","logger":"airflow.task.hooks.airflow.providers.standard.hooks.subprocess.SubprocessHook"}
{"timestamp":"2025-10-25T13:40:31.628900","level":"info","event":"reply level: dict_keys(['title', 'score', 'id', 'url', 'comment'])","logger":"airflow.task.hooks.airflow.providers.standard.hooks.subprocess.SubprocessHook"}
{"timestamp":"2025-10-25T13:40:31.628967","level":"info","event":"comment level: dict_keys(['title', 'score', 'id', 'url', 'comment'])","logger":"airflow.task.hooks.airflow.providers.standard.hooks.subprocess.SubprocessHook"}
{"timestamp":"2025-10-25T13:40:31.629014","level":"info","event":"reply level: dict_keys(['title', 'score', 'id', 'url', 'comment'])","logger":"airflow.task.hooks.airflow.providers.standard.hooks.subprocess.SubprocessHook"}
{"timestamp":"2025-10-25T13:40:31.629061","level":"info","event":"reply level: dict_keys(['title', 'score', 'id', 'url', 'comment'])","logger":"airflow.task.hooks.airflow.providers.standard.hooks.subprocess.SubprocessHook"}
{"timestamp":"2025-10-25T13:40:31.629099","level":"info","event":"reply level: dict_keys(['title', 'score', 'id', 'url', 'comment'])","logger":"airflow.task.hooks.airflow.providers.standard.hooks.subprocess.SubprocessHook"}
{"timestamp":"2025-10-25T13:40:31.629134","level":"info","event":"comment level: dict_keys(['title', 'score', 'id', 'url', 'comment'])","logger":"airflow.task.hooks.airflow.providers.standard.hooks.subprocess.SubprocessHook"}
{"timestamp":"2025-10-25T13:40:31.629174","level":"info","event":"comment level: dict_keys(['title', 'score', 'id', 'url', 'comment'])","logger":"airflow.task.hooks.airflow.providers.standard.hooks.subprocess.SubprocessHook"}
{"timestamp":"2025-10-25T13:40:31.629212","level":"info","event":"reply level: dict_keys(['title', 'score', 'id', 'url', 'comment'])","logger":"airflow.task.hooks.airflow.providers.standard.hooks.subprocess.SubprocessHook"}
{"timestamp":"2025-10-25T13:40:31.629252","level":"info","event":"comment level: dict_keys(['title', 'score', 'id', 'url', 'comment'])","logger":"airflow.task.hooks.airflow.providers.standard.hooks.subprocess.SubprocessHook"}
{"timestamp":"2025-10-25T13:40:31.629285","level":"info","event":"comment level: dict_keys(['title', 'score', 'id', 'url', 'comment'])","logger":"airflow.task.hooks.airflow.providers.standard.hooks.subprocess.SubprocessHook"}
{"timestamp":"2025-10-25T13:40:31.629379","level":"info","event":"comment level: dict_keys(['title', 'score', 'id', 'url', 'comment'])","logger":"airflow.task.hooks.airflow.providers.standard.hooks.subprocess.SubprocessHook"}
{"timestamp":"2025-10-25T13:40:31.629433","level":"info","event":"comment level: dict_keys(['title', 'score', 'id', 'url', 'comment'])","logger":"airflow.task.hooks.airflow.providers.standard.hooks.subprocess.SubprocessHook"}
{"timestamp":"2025-10-25T13:40:31.629549","level":"info","event":"comment level: dict_keys(['title', 'score', 'id', 'url', 'comment'])","logger":"airflow.task.hooks.airflow.providers.standard.hooks.subprocess.SubprocessHook"}
{"timestamp":"2025-10-25T13:40:31.629602","level":"info","event":"comment level: dict_keys(['title', 'score', 'id', 'url', 'comment'])","logger":"airflow.task.hooks.airflow.providers.standard.hooks.subprocess.SubprocessHook"}
{"timestamp":"2025-10-25T13:40:31.629665","level":"info","event":"comment level: dict_keys(['title', 'score', 'id', 'url', 'comment'])","logger":"airflow.task.hooks.airflow.providers.standard.hooks.subprocess.SubprocessHook"}
{"timestamp":"2025-10-25T13:40:31.629739","level":"info","event":"comment level: dict_keys(['title', 'score', 'id', 'url', 'comment'])","logger":"airflow.task.hooks.airflow.providers.standard.hooks.subprocess.SubprocessHook"}
{"timestamp":"2025-10-25T13:40:31.629785","level":"info","event":"reply level: dict_keys(['title', 'score', 'id', 'url', 'comment'])","logger":"airflow.task.hooks.airflow.providers.standard.hooks.subprocess.SubprocessHook"}
{"timestamp":"2025-10-25T13:40:31.629823","level":"info","event":"comment level: dict_keys(['title', 'score', 'id', 'url', 'comment'])","logger":"airflow.task.hooks.airflow.providers.standard.hooks.subprocess.SubprocessHook"}
{"timestamp":"2025-10-25T13:40:31.629879","level":"info","event":"comment level: dict_keys(['title', 'score', 'id', 'url', 'comment'])","logger":"airflow.task.hooks.airflow.providers.standard.hooks.subprocess.SubprocessHook"}
{"timestamp":"2025-10-25T13:40:31.629927","level":"info","event":"comment level: dict_keys(['title', 'score', 'id', 'url', 'comment'])","logger":"airflow.task.hooks.airflow.providers.standard.hooks.subprocess.SubprocessHook"}
{"timestamp":"2025-10-25T13:40:31.629962","level":"info","event":"reply level: dict_keys(['title', 'score', 'id', 'url', 'comment'])","logger":"airflow.task.hooks.airflow.providers.standard.hooks.subprocess.SubprocessHook"}
{"timestamp":"2025-10-25T13:40:31.629997","level":"info","event":"comment level: dict_keys(['title', 'score', 'id', 'url', 'comment'])","logger":"airflow.task.hooks.airflow.providers.standard.hooks.subprocess.SubprocessHook"}
{"timestamp":"2025-10-25T13:40:31.630033","level":"info","event":"reply level: dict_keys(['title', 'score', 'id', 'url', 'comment'])","logger":"airflow.task.hooks.airflow.providers.standard.hooks.subprocess.SubprocessHook"}
{"timestamp":"2025-10-25T13:40:31.630119","level":"info","event":"comment level: dict_keys(['title', 'score', 'id', 'url', 'comment'])","logger":"airflow.task.hooks.airflow.providers.standard.hooks.subprocess.SubprocessHook"}
{"timestamp":"2025-10-25T13:40:31.630165","level":"info","event":"comment level: dict_keys(['title', 'score', 'id', 'url', 'comment'])","logger":"airflow.task.hooks.airflow.providers.standard.hooks.subprocess.SubprocessHook"}
{"timestamp":"2025-10-25T13:40:31.630200","level":"info","event":"comment level: dict_keys(['title', 'score', 'id', 'url', 'comment'])","logger":"airflow.task.hooks.airflow.providers.standard.hooks.subprocess.SubprocessHook"}
{"timestamp":"2025-10-25T13:40:31.630235","level":"info","event":"comment level: dict_keys(['title', 'score', 'id', 'url', 'comment'])","logger":"airflow.task.hooks.airflow.providers.standard.hooks.subprocess.SubprocessHook"}
{"timestamp":"2025-10-25T13:40:31.630270","level":"info","event":"reply level: dict_keys(['title', 'score', 'id', 'url', 'comment'])","logger":"airflow.task.hooks.airflow.providers.standard.hooks.subprocess.SubprocessHook"}
{"timestamp":"2025-10-25T13:40:31.630306","level":"info","event":"comment level: dict_keys(['title', 'score', 'id', 'url', 'comment'])","logger":"airflow.task.hooks.airflow.providers.standard.hooks.subprocess.SubprocessHook"}
{"timestamp":"2025-10-25T13:40:31.630340","level":"info","event":"reply level: dict_keys(['title', 'score', 'id', 'url', 'comment'])","logger":"airflow.task.hooks.airflow.providers.standard.hooks.subprocess.SubprocessHook"}
{"timestamp":"2025-10-25T13:40:31.630373","level":"info","event":"reply level: dict_keys(['title', 'score', 'id', 'url', 'comment'])","logger":"airflow.task.hooks.airflow.providers.standard.hooks.subprocess.SubprocessHook"}
{"timestamp":"2025-10-25T13:40:31.630408","level":"info","event":"reply level: dict_keys(['title', 'score', 'id', 'url', 'comment'])","logger":"airflow.task.hooks.airflow.providers.standard.hooks.subprocess.SubprocessHook"}
{"timestamp":"2025-10-25T13:40:31.630442","level":"info","event":"comment level: dict_keys(['title', 'score', 'id', 'url', 'comment'])","logger":"airflow.task.hooks.airflow.providers.standard.hooks.subprocess.SubprocessHook"}
{"timestamp":"2025-10-25T13:40:31.630474","level":"info","event":"comment level: dict_keys(['title', 'score', 'id', 'url', 'comment'])","logger":"airflow.task.hooks.airflow.providers.standard.hooks.subprocess.SubprocessHook"}
{"timestamp":"2025-10-25T13:40:31.630509","level":"info","event":"comment level: dict_keys(['title', 'score', 'id', 'url', 'comment'])","logger":"airflow.task.hooks.airflow.providers.standard.hooks.subprocess.SubprocessHook"}
{"timestamp":"2025-10-25T13:40:31.630571","level":"info","event":"comment level: dict_keys(['title', 'score', 'id', 'url', 'comment'])","logger":"airflow.task.hooks.airflow.providers.standard.hooks.subprocess.SubprocessHook"}
{"timestamp":"2025-10-25T13:40:31.630626","level":"info","event":"reply level: dict_keys(['title', 'score', 'id', 'url', 'comment'])","logger":"airflow.task.hooks.airflow.providers.standard.hooks.subprocess.SubprocessHook"}
{"timestamp":"2025-10-25T13:40:31.630668","level":"info","event":"reply level: dict_keys(['title', 'score', 'id', 'url', 'comment'])","logger":"airflow.task.hooks.airflow.providers.standard.hooks.subprocess.SubprocessHook"}
{"timestamp":"2025-10-25T13:40:31.630710","level":"info","event":"comment level: dict_keys(['title', 'score', 'id', 'url', 'comment'])","logger":"airflow.task.hooks.airflow.providers.standard.hooks.subprocess.SubprocessHook"}
{"timestamp":"2025-10-25T13:40:31.630755","level":"info","event":"comment level: dict_keys(['title', 'score', 'id', 'url', 'comment'])","logger":"airflow.task.hooks.airflow.providers.standard.hooks.subprocess.SubprocessHook"}
{"timestamp":"2025-10-25T13:40:31.630793","level":"info","event":"reply level: dict_keys(['title', 'score', 'id', 'url', 'comment'])","logger":"airflow.task.hooks.airflow.providers.standard.hooks.subprocess.SubprocessHook"}
{"timestamp":"2025-10-25T13:40:31.630829","level":"info","event":"reply level: dict_keys(['title', 'score', 'id', 'url', 'comment'])","logger":"airflow.task.hooks.airflow.providers.standard.hooks.subprocess.SubprocessHook"}
{"timestamp":"2025-10-25T13:40:31.630863","level":"info","event":"comment level: dict_keys(['title', 'score', 'id', 'url', 'comment'])","logger":"airflow.task.hooks.airflow.providers.standard.hooks.subprocess.SubprocessHook"}
{"timestamp":"2025-10-25T13:40:31.630900","level":"info","event":"comment level: dict_keys(['title', 'score', 'id', 'url', 'comment'])","logger":"airflow.task.hooks.airflow.providers.standard.hooks.subprocess.SubprocessHook"}
{"timestamp":"2025-10-25T13:40:31.630935","level":"info","event":"comment level: dict_keys(['title', 'score', 'id', 'url', 'comment'])","logger":"airflow.task.hooks.airflow.providers.standard.hooks.subprocess.SubprocessHook"}
{"timestamp":"2025-10-25T13:40:31.630968","level":"info","event":"comment level: dict_keys(['title', 'score', 'id', 'url', 'comment'])","logger":"airflow.task.hooks.airflow.providers.standard.hooks.subprocess.SubprocessHook"}
{"timestamp":"2025-10-25T13:40:31.630999","level":"info","event":"reply level: dict_keys(['title', 'score', 'id', 'url', 'comment'])","logger":"airflow.task.hooks.airflow.providers.standard.hooks.subprocess.SubprocessHook"}
{"timestamp":"2025-10-25T13:40:31.631031","level":"info","event":"reply level: dict_keys(['title', 'score', 'id', 'url', 'comment'])","logger":"airflow.task.hooks.airflow.providers.standard.hooks.subprocess.SubprocessHook"}
{"timestamp":"2025-10-25T13:40:31.631062","level":"info","event":"reply level: dict_keys(['title', 'score', 'id', 'url', 'comment'])","logger":"airflow.task.hooks.airflow.providers.standard.hooks.subprocess.SubprocessHook"}
{"timestamp":"2025-10-25T13:40:31.631096","level":"info","event":"reply level: dict_keys(['title', 'score', 'id', 'url', 'comment'])","logger":"airflow.task.hooks.airflow.providers.standard.hooks.subprocess.SubprocessHook"}
{"timestamp":"2025-10-25T13:40:31.631197","level":"info","event":"comment level: dict_keys(['title', 'score', 'id', 'url', 'comment'])","logger":"airflow.task.hooks.airflow.providers.standard.hooks.subprocess.SubprocessHook"}
{"timestamp":"2025-10-25T13:40:31.631249","level":"info","event":"comment level: dict_keys(['title', 'score', 'id', 'url', 'comment'])","logger":"airflow.task.hooks.airflow.providers.standard.hooks.subprocess.SubprocessHook"}
{"timestamp":"2025-10-25T13:40:31.631286","level":"info","event":"comment level: dict_keys(['title', 'score', 'id', 'url', 'comment'])","logger":"airflow.task.hooks.airflow.providers.standard.hooks.subprocess.SubprocessHook"}
{"timestamp":"2025-10-25T13:40:31.631321","level":"info","event":"reply level: dict_keys(['title', 'score', 'id', 'url', 'comment'])","logger":"airflow.task.hooks.airflow.providers.standard.hooks.subprocess.SubprocessHook"}
{"timestamp":"2025-10-25T13:40:31.631357","level":"info","event":"comment level: dict_keys(['title', 'score', 'id', 'url', 'comment'])","logger":"airflow.task.hooks.airflow.providers.standard.hooks.subprocess.SubprocessHook"}
{"timestamp":"2025-10-25T13:40:31.631393","level":"info","event":"reply level: dict_keys(['title', 'score', 'id', 'url', 'comment'])","logger":"airflow.task.hooks.airflow.providers.standard.hooks.subprocess.SubprocessHook"}
{"timestamp":"2025-10-25T13:40:31.631427","level":"info","event":"reply level: dict_keys(['title', 'score', 'id', 'url', 'comment'])","logger":"airflow.task.hooks.airflow.providers.standard.hooks.subprocess.SubprocessHook"}
{"timestamp":"2025-10-25T13:40:31.631459","level":"info","event":"comment level: dict_keys(['title', 'score', 'id', 'url', 'comment'])","logger":"airflow.task.hooks.airflow.providers.standard.hooks.subprocess.SubprocessHook"}
{"timestamp":"2025-10-25T13:40:31.631495","level":"info","event":"reply level: dict_keys(['title', 'score', 'id', 'url', 'comment'])","logger":"airflow.task.hooks.airflow.providers.standard.hooks.subprocess.SubprocessHook"}
{"timestamp":"2025-10-25T13:40:31.631527","level":"info","event":"comment level: dict_keys(['title', 'score', 'id', 'url', 'comment'])","logger":"airflow.task.hooks.airflow.providers.standard.hooks.subprocess.SubprocessHook"}
{"timestamp":"2025-10-25T13:40:31.631560","level":"info","event":"reply level: dict_keys(['title', 'score', 'id', 'url', 'comment'])","logger":"airflow.task.hooks.airflow.providers.standard.hooks.subprocess.SubprocessHook"}
{"timestamp":"2025-10-25T13:40:31.631592","level":"info","event":"comment level: dict_keys(['title', 'score', 'id', 'url', 'comment'])","logger":"airflow.task.hooks.airflow.providers.standard.hooks.subprocess.SubprocessHook"}
{"timestamp":"2025-10-25T13:40:31.631623","level":"info","event":"comment level: dict_keys(['title', 'score', 'id', 'url', 'comment'])","logger":"airflow.task.hooks.airflow.providers.standard.hooks.subprocess.SubprocessHook"}
{"timestamp":"2025-10-25T13:40:31.631656","level":"info","event":"comment level: dict_keys(['title', 'score', 'id', 'url', 'comment'])","logger":"airflow.task.hooks.airflow.providers.standard.hooks.subprocess.SubprocessHook"}
{"timestamp":"2025-10-25T13:40:31.631723","level":"info","event":"comment level: dict_keys(['title', 'score', 'id', 'url', 'comment'])","logger":"airflow.task.hooks.airflow.providers.standard.hooks.subprocess.SubprocessHook"}
{"timestamp":"2025-10-25T13:40:31.631770","level":"info","event":"comment level: dict_keys(['title', 'score', 'id', 'url', 'comment'])","logger":"airflow.task.hooks.airflow.providers.standard.hooks.subprocess.SubprocessHook"}
{"timestamp":"2025-10-25T13:40:31.631859","level":"info","event":"comment level: dict_keys(['title', 'score', 'id', 'url', 'comment'])","logger":"airflow.task.hooks.airflow.providers.standard.hooks.subprocess.SubprocessHook"}
{"timestamp":"2025-10-25T13:40:31.631908","level":"info","event":"reply level: dict_keys(['title', 'score', 'id', 'url', 'comment'])","logger":"airflow.task.hooks.airflow.providers.standard.hooks.subprocess.SubprocessHook"}
{"timestamp":"2025-10-25T13:40:31.631946","level":"info","event":"reply level: dict_keys(['title', 'score', 'id', 'url', 'comment'])","logger":"airflow.task.hooks.airflow.providers.standard.hooks.subprocess.SubprocessHook"}
{"timestamp":"2025-10-25T13:40:31.631987","level":"info","event":"comment level: dict_keys(['title', 'score', 'id', 'url', 'comment'])","logger":"airflow.task.hooks.airflow.providers.standard.hooks.subprocess.SubprocessHook"}
{"timestamp":"2025-10-25T13:40:31.632026","level":"info","event":"comment level: dict_keys(['title', 'score', 'id', 'url', 'comment'])","logger":"airflow.task.hooks.airflow.providers.standard.hooks.subprocess.SubprocessHook"}
{"timestamp":"2025-10-25T13:40:31.632063","level":"info","event":"comment level: dict_keys(['title', 'score', 'id', 'url', 'comment'])","logger":"airflow.task.hooks.airflow.providers.standard.hooks.subprocess.SubprocessHook"}
{"timestamp":"2025-10-25T13:40:31.632099","level":"info","event":"reply level: dict_keys(['title', 'score', 'id', 'url', 'comment'])","logger":"airflow.task.hooks.airflow.providers.standard.hooks.subprocess.SubprocessHook"}
{"timestamp":"2025-10-25T13:40:31.632131","level":"info","event":"reply level: dict_keys(['title', 'score', 'id', 'url', 'comment'])","logger":"airflow.task.hooks.airflow.providers.standard.hooks.subprocess.SubprocessHook"}
{"timestamp":"2025-10-25T13:40:31.632163","level":"info","event":"comment level: dict_keys(['title', 'score', 'id', 'url', 'comment'])","logger":"airflow.task.hooks.airflow.providers.standard.hooks.subprocess.SubprocessHook"}
{"timestamp":"2025-10-25T13:40:31.632194","level":"info","event":"comment level: dict_keys(['title', 'score', 'id', 'url', 'comment'])","logger":"airflow.task.hooks.airflow.providers.standard.hooks.subprocess.SubprocessHook"}
{"timestamp":"2025-10-25T13:40:31.632229","level":"info","event":"comment level: dict_keys(['title', 'score', 'id', 'url', 'comment'])","logger":"airflow.task.hooks.airflow.providers.standard.hooks.subprocess.SubprocessHook"}
{"timestamp":"2025-10-25T13:40:31.632263","level":"info","event":"comment level: dict_keys(['title', 'score', 'id', 'url', 'comment'])","logger":"airflow.task.hooks.airflow.providers.standard.hooks.subprocess.SubprocessHook"}
{"timestamp":"2025-10-25T13:40:31.632295","level":"info","event":"comment level: dict_keys(['title', 'score', 'id', 'url', 'comment'])","logger":"airflow.task.hooks.airflow.providers.standard.hooks.subprocess.SubprocessHook"}
{"timestamp":"2025-10-25T13:40:31.632328","level":"info","event":"comment level: dict_keys(['title', 'score', 'id', 'url', 'comment'])","logger":"airflow.task.hooks.airflow.providers.standard.hooks.subprocess.SubprocessHook"}
{"timestamp":"2025-10-25T13:40:31.632361","level":"info","event":"comment level: dict_keys(['title', 'score', 'id', 'url', 'comment'])","logger":"airflow.task.hooks.airflow.providers.standard.hooks.subprocess.SubprocessHook"}
{"timestamp":"2025-10-25T13:40:31.632392","level":"info","event":"comment level: dict_keys(['title', 'score', 'id', 'url', 'comment'])","logger":"airflow.task.hooks.airflow.providers.standard.hooks.subprocess.SubprocessHook"}
{"timestamp":"2025-10-25T13:40:31.632427","level":"info","event":"comment level: dict_keys(['title', 'score', 'id', 'url', 'comment'])","logger":"airflow.task.hooks.airflow.providers.standard.hooks.subprocess.SubprocessHook"}
{"timestamp":"2025-10-25T13:40:31.632461","level":"info","event":"comment level: dict_keys(['title', 'score', 'id', 'url', 'comment'])","logger":"airflow.task.hooks.airflow.providers.standard.hooks.subprocess.SubprocessHook"}
{"timestamp":"2025-10-25T13:40:31.632491","level":"info","event":"comment level: dict_keys(['title', 'score', 'id', 'url', 'comment'])","logger":"airflow.task.hooks.airflow.providers.standard.hooks.subprocess.SubprocessHook"}
{"timestamp":"2025-10-25T13:40:31.632520","level":"info","event":"comment level: dict_keys(['title', 'score', 'id', 'url', 'comment'])","logger":"airflow.task.hooks.airflow.providers.standard.hooks.subprocess.SubprocessHook"}
{"timestamp":"2025-10-25T13:40:31.632550","level":"info","event":"comment level: dict_keys(['title', 'score', 'id', 'url', 'comment'])","logger":"airflow.task.hooks.airflow.providers.standard.hooks.subprocess.SubprocessHook"}
{"timestamp":"2025-10-25T13:40:31.632581","level":"info","event":"comment level: dict_keys(['title', 'score', 'id', 'url', 'comment'])","logger":"airflow.task.hooks.airflow.providers.standard.hooks.subprocess.SubprocessHook"}
{"timestamp":"2025-10-25T13:40:31.632613","level":"info","event":"comment level: dict_keys(['title', 'score', 'id', 'url', 'comment'])","logger":"airflow.task.hooks.airflow.providers.standard.hooks.subprocess.SubprocessHook"}
{"timestamp":"2025-10-25T13:40:31.632668","level":"info","event":"comment level: dict_keys(['title', 'score', 'id', 'url', 'comment'])","logger":"airflow.task.hooks.airflow.providers.standard.hooks.subprocess.SubprocessHook"}
{"timestamp":"2025-10-25T13:40:31.632717","level":"info","event":"comment level: dict_keys(['title', 'score', 'id', 'url', 'comment'])","logger":"airflow.task.hooks.airflow.providers.standard.hooks.subprocess.SubprocessHook"}
{"timestamp":"2025-10-25T13:40:31.632753","level":"info","event":"comment level: dict_keys(['title', 'score', 'id', 'url', 'comment'])","logger":"airflow.task.hooks.airflow.providers.standard.hooks.subprocess.SubprocessHook"}
{"timestamp":"2025-10-25T13:40:31.632789","level":"info","event":"comment level: dict_keys(['title', 'score', 'id', 'url', 'comment'])","logger":"airflow.task.hooks.airflow.providers.standard.hooks.subprocess.SubprocessHook"}
{"timestamp":"2025-10-25T13:40:31.632822","level":"info","event":"comment level: dict_keys(['title', 'score', 'id', 'url', 'comment'])","logger":"airflow.task.hooks.airflow.providers.standard.hooks.subprocess.SubprocessHook"}
{"timestamp":"2025-10-25T13:40:31.632855","level":"info","event":"comment level: dict_keys(['title', 'score', 'id', 'url', 'comment'])","logger":"airflow.task.hooks.airflow.providers.standard.hooks.subprocess.SubprocessHook"}
{"timestamp":"2025-10-25T13:40:31.632889","level":"info","event":"comment level: dict_keys(['title', 'score', 'id', 'url', 'comment'])","logger":"airflow.task.hooks.airflow.providers.standard.hooks.subprocess.SubprocessHook"}
{"timestamp":"2025-10-25T13:40:31.632924","level":"info","event":"comment level: dict_keys(['title', 'score', 'id', 'url', 'comment'])","logger":"airflow.task.hooks.airflow.providers.standard.hooks.subprocess.SubprocessHook"}
{"timestamp":"2025-10-25T13:40:31.632956","level":"info","event":"comment level: dict_keys(['title', 'score', 'id', 'url', 'comment'])","logger":"airflow.task.hooks.airflow.providers.standard.hooks.subprocess.SubprocessHook"}
{"timestamp":"2025-10-25T13:40:31.632993","level":"info","event":"comment level: dict_keys(['title', 'score', 'id', 'url', 'comment'])","logger":"airflow.task.hooks.airflow.providers.standard.hooks.subprocess.SubprocessHook"}
{"timestamp":"2025-10-25T13:40:31.633024","level":"info","event":"comment level: dict_keys(['title', 'score', 'id', 'url', 'comment'])","logger":"airflow.task.hooks.airflow.providers.standard.hooks.subprocess.SubprocessHook"}
{"timestamp":"2025-10-25T13:40:31.633057","level":"info","event":"reply level: dict_keys(['title', 'score', 'id', 'url', 'comment'])","logger":"airflow.task.hooks.airflow.providers.standard.hooks.subprocess.SubprocessHook"}
{"timestamp":"2025-10-25T13:40:31.633089","level":"info","event":"reply level: dict_keys(['title', 'score', 'id', 'url', 'comment'])","logger":"airflow.task.hooks.airflow.providers.standard.hooks.subprocess.SubprocessHook"}
{"timestamp":"2025-10-25T13:40:31.633120","level":"info","event":"reply level: dict_keys(['title', 'score', 'id', 'url', 'comment'])","logger":"airflow.task.hooks.airflow.providers.standard.hooks.subprocess.SubprocessHook"}
{"timestamp":"2025-10-25T13:40:31.633151","level":"info","event":"reply level: dict_keys(['title', 'score', 'id', 'url', 'comment'])","logger":"airflow.task.hooks.airflow.providers.standard.hooks.subprocess.SubprocessHook"}
{"timestamp":"2025-10-25T13:40:31.633183","level":"info","event":"reply level: dict_keys(['title', 'score', 'id', 'url', 'comment'])","logger":"airflow.task.hooks.airflow.providers.standard.hooks.subprocess.SubprocessHook"}
{"timestamp":"2025-10-25T13:40:31.633216","level":"info","event":"comment level: dict_keys(['title', 'score', 'id', 'url', 'comment'])","logger":"airflow.task.hooks.airflow.providers.standard.hooks.subprocess.SubprocessHook"}
{"timestamp":"2025-10-25T13:40:31.633248","level":"info","event":"reply level: dict_keys(['title', 'score', 'id', 'url', 'comment'])","logger":"airflow.task.hooks.airflow.providers.standard.hooks.subprocess.SubprocessHook"}
{"timestamp":"2025-10-25T13:40:31.633280","level":"info","event":"reply level: dict_keys(['title', 'score', 'id', 'url', 'comment'])","logger":"airflow.task.hooks.airflow.providers.standard.hooks.subprocess.SubprocessHook"}
{"timestamp":"2025-10-25T13:40:31.633310","level":"info","event":"reply level: dict_keys(['title', 'score', 'id', 'url', 'comment'])","logger":"airflow.task.hooks.airflow.providers.standard.hooks.subprocess.SubprocessHook"}
{"timestamp":"2025-10-25T13:40:31.633342","level":"info","event":"reply level: dict_keys(['title', 'score', 'id', 'url', 'comment'])","logger":"airflow.task.hooks.airflow.providers.standard.hooks.subprocess.SubprocessHook"}
{"timestamp":"2025-10-25T13:40:32.265340","level":"info","event":"reply level: dict_keys(['title', 'score', 'id', 'url', 'comment'])","logger":"airflow.task.hooks.airflow.providers.standard.hooks.subprocess.SubprocessHook"}
{"timestamp":"2025-10-25T13:40:32.265616","level":"info","event":"comment level: dict_keys(['title', 'score', 'id', 'url', 'comment'])","logger":"airflow.task.hooks.airflow.providers.standard.hooks.subprocess.SubprocessHook"}
{"timestamp":"2025-10-25T13:40:32.265688","level":"info","event":"comment level: dict_keys(['title', 'score', 'id', 'url', 'comment'])","logger":"airflow.task.hooks.airflow.providers.standard.hooks.subprocess.SubprocessHook"}
{"timestamp":"2025-10-25T13:40:32.265735","level":"info","event":"reply level: dict_keys(['title', 'score', 'id', 'url', 'comment'])","logger":"airflow.task.hooks.airflow.providers.standard.hooks.subprocess.SubprocessHook"}
{"timestamp":"2025-10-25T13:40:32.265776","level":"info","event":"reply level: dict_keys(['title', 'score', 'id', 'url', 'comment'])","logger":"airflow.task.hooks.airflow.providers.standard.hooks.subprocess.SubprocessHook"}
{"timestamp":"2025-10-25T13:40:32.265868","level":"info","event":"reply level: dict_keys(['title', 'score', 'id', 'url', 'comment'])","logger":"airflow.task.hooks.airflow.providers.standard.hooks.subprocess.SubprocessHook"}
{"timestamp":"2025-10-25T13:40:32.265916","level":"info","event":"comment level: dict_keys(['title', 'score', 'id', 'url', 'comment'])","logger":"airflow.task.hooks.airflow.providers.standard.hooks.subprocess.SubprocessHook"}
{"timestamp":"2025-10-25T13:40:32.266007","level":"info","event":"comment level: dict_keys(['title', 'score', 'id', 'url', 'comment'])","logger":"airflow.task.hooks.airflow.providers.standard.hooks.subprocess.SubprocessHook"}
{"timestamp":"2025-10-25T13:40:32.266076","level":"info","event":"reply level: dict_keys(['title', 'score', 'id', 'url', 'comment'])","logger":"airflow.task.hooks.airflow.providers.standard.hooks.subprocess.SubprocessHook"}
{"timestamp":"2025-10-25T13:40:32.266120","level":"info","event":"comment level: dict_keys(['title', 'score', 'id', 'url', 'comment'])","logger":"airflow.task.hooks.airflow.providers.standard.hooks.subprocess.SubprocessHook"}
{"timestamp":"2025-10-25T13:40:32.266160","level":"info","event":"reply level: dict_keys(['title', 'score', 'id', 'url', 'comment'])","logger":"airflow.task.hooks.airflow.providers.standard.hooks.subprocess.SubprocessHook"}
{"timestamp":"2025-10-25T13:40:32.266199","level":"info","event":"reply level: dict_keys(['title', 'score', 'id', 'url', 'comment'])","logger":"airflow.task.hooks.airflow.providers.standard.hooks.subprocess.SubprocessHook"}
{"timestamp":"2025-10-25T13:40:32.266238","level":"info","event":"reply level: dict_keys(['title', 'score', 'id', 'url', 'comment'])","logger":"airflow.task.hooks.airflow.providers.standard.hooks.subprocess.SubprocessHook"}
{"timestamp":"2025-10-25T13:40:32.266277","level":"info","event":"comment level: dict_keys(['title', 'score', 'id', 'url', 'comment'])","logger":"airflow.task.hooks.airflow.providers.standard.hooks.subprocess.SubprocessHook"}
{"timestamp":"2025-10-25T13:40:32.266315","level":"info","event":"reply level: dict_keys(['title', 'score', 'id', 'url', 'comment'])","logger":"airflow.task.hooks.airflow.providers.standard.hooks.subprocess.SubprocessHook"}
{"timestamp":"2025-10-25T13:40:32.266351","level":"info","event":"reply level: dict_keys(['title', 'score', 'id', 'url', 'comment'])","logger":"airflow.task.hooks.airflow.providers.standard.hooks.subprocess.SubprocessHook"}
{"timestamp":"2025-10-25T13:40:32.266387","level":"info","event":"reply level: dict_keys(['title', 'score', 'id', 'url', 'comment'])","logger":"airflow.task.hooks.airflow.providers.standard.hooks.subprocess.SubprocessHook"}
{"timestamp":"2025-10-25T13:40:32.266423","level":"info","event":"reply level: dict_keys(['title', 'score', 'id', 'url', 'comment'])","logger":"airflow.task.hooks.airflow.providers.standard.hooks.subprocess.SubprocessHook"}
{"timestamp":"2025-10-25T13:40:32.266457","level":"info","event":"comment level: dict_keys(['title', 'score', 'id', 'url', 'comment'])","logger":"airflow.task.hooks.airflow.providers.standard.hooks.subprocess.SubprocessHook"}
{"timestamp":"2025-10-25T13:40:32.266492","level":"info","event":"comment level: dict_keys(['title', 'score', 'id', 'url', 'comment'])","logger":"airflow.task.hooks.airflow.providers.standard.hooks.subprocess.SubprocessHook"}
{"timestamp":"2025-10-25T13:40:32.266528","level":"info","event":"comment level: dict_keys(['title', 'score', 'id', 'url', 'comment'])","logger":"airflow.task.hooks.airflow.providers.standard.hooks.subprocess.SubprocessHook"}
{"timestamp":"2025-10-25T13:40:32.266562","level":"info","event":"comment level: dict_keys(['title', 'score', 'id', 'url', 'comment'])","logger":"airflow.task.hooks.airflow.providers.standard.hooks.subprocess.SubprocessHook"}
{"timestamp":"2025-10-25T13:40:32.266596","level":"info","event":"comment level: dict_keys(['title', 'score', 'id', 'url', 'comment'])","logger":"airflow.task.hooks.airflow.providers.standard.hooks.subprocess.SubprocessHook"}
{"timestamp":"2025-10-25T13:40:32.266647","level":"info","event":"comment level: dict_keys(['title', 'score', 'id', 'url', 'comment'])","logger":"airflow.task.hooks.airflow.providers.standard.hooks.subprocess.SubprocessHook"}
{"timestamp":"2025-10-25T13:40:32.266706","level":"info","event":"comment level: dict_keys(['title', 'score', 'id', 'url', 'comment'])","logger":"airflow.task.hooks.airflow.providers.standard.hooks.subprocess.SubprocessHook"}
{"timestamp":"2025-10-25T13:40:32.266748","level":"info","event":"comment level: dict_keys(['title', 'score', 'id', 'url', 'comment'])","logger":"airflow.task.hooks.airflow.providers.standard.hooks.subprocess.SubprocessHook"}
{"timestamp":"2025-10-25T13:40:32.266786","level":"info","event":"comment level: dict_keys(['title', 'score', 'id', 'url', 'comment'])","logger":"airflow.task.hooks.airflow.providers.standard.hooks.subprocess.SubprocessHook"}
{"timestamp":"2025-10-25T13:40:32.266823","level":"info","event":"comment level: dict_keys(['title', 'score', 'id', 'url', 'comment'])","logger":"airflow.task.hooks.airflow.providers.standard.hooks.subprocess.SubprocessHook"}
{"timestamp":"2025-10-25T13:40:32.266859","level":"info","event":"comment level: dict_keys(['title', 'score', 'id', 'url', 'comment'])","logger":"airflow.task.hooks.airflow.providers.standard.hooks.subprocess.SubprocessHook"}
{"timestamp":"2025-10-25T13:40:32.266894","level":"info","event":"comment level: dict_keys(['title', 'score', 'id', 'url', 'comment'])","logger":"airflow.task.hooks.airflow.providers.standard.hooks.subprocess.SubprocessHook"}
{"timestamp":"2025-10-25T13:40:32.266963","level":"info","event":"comment level: dict_keys(['title', 'score', 'id', 'url', 'comment'])","logger":"airflow.task.hooks.airflow.providers.standard.hooks.subprocess.SubprocessHook"}
{"timestamp":"2025-10-25T13:40:32.267037","level":"info","event":"comment level: dict_keys(['title', 'score', 'id', 'url', 'comment'])","logger":"airflow.task.hooks.airflow.providers.standard.hooks.subprocess.SubprocessHook"}
{"timestamp":"2025-10-25T13:40:32.267103","level":"info","event":"comment level: dict_keys(['title', 'score', 'id', 'url', 'comment'])","logger":"airflow.task.hooks.airflow.providers.standard.hooks.subprocess.SubprocessHook"}
{"timestamp":"2025-10-25T13:40:32.267150","level":"info","event":"comment level: dict_keys(['title', 'score', 'id', 'url', 'comment'])","logger":"airflow.task.hooks.airflow.providers.standard.hooks.subprocess.SubprocessHook"}
{"timestamp":"2025-10-25T13:40:32.267192","level":"info","event":"comment level: dict_keys(['title', 'score', 'id', 'url', 'comment'])","logger":"airflow.task.hooks.airflow.providers.standard.hooks.subprocess.SubprocessHook"}
{"timestamp":"2025-10-25T13:40:32.267232","level":"info","event":"comment level: dict_keys(['title', 'score', 'id', 'url', 'comment'])","logger":"airflow.task.hooks.airflow.providers.standard.hooks.subprocess.SubprocessHook"}
{"timestamp":"2025-10-25T13:40:32.267270","level":"info","event":"comment level: dict_keys(['title', 'score', 'id', 'url', 'comment'])","logger":"airflow.task.hooks.airflow.providers.standard.hooks.subprocess.SubprocessHook"}
{"timestamp":"2025-10-25T13:40:32.267306","level":"info","event":"comment level: dict_keys(['title', 'score', 'id', 'url', 'comment'])","logger":"airflow.task.hooks.airflow.providers.standard.hooks.subprocess.SubprocessHook"}
{"timestamp":"2025-10-25T13:40:32.267342","level":"info","event":"comment level: dict_keys(['title', 'score', 'id', 'url', 'comment'])","logger":"airflow.task.hooks.airflow.providers.standard.hooks.subprocess.SubprocessHook"}
{"timestamp":"2025-10-25T13:40:32.267379","level":"info","event":"comment level: dict_keys(['title', 'score', 'id', 'url', 'comment'])","logger":"airflow.task.hooks.airflow.providers.standard.hooks.subprocess.SubprocessHook"}
{"timestamp":"2025-10-25T13:40:32.267412","level":"info","event":"comment level: dict_keys(['title', 'score', 'id', 'url', 'comment'])","logger":"airflow.task.hooks.airflow.providers.standard.hooks.subprocess.SubprocessHook"}
{"timestamp":"2025-10-25T13:40:32.267444","level":"info","event":"comment level: dict_keys(['title', 'score', 'id', 'url', 'comment'])","logger":"airflow.task.hooks.airflow.providers.standard.hooks.subprocess.SubprocessHook"}
{"timestamp":"2025-10-25T13:40:32.267519","level":"info","event":"comment level: dict_keys(['title', 'score', 'id', 'url', 'comment'])","logger":"airflow.task.hooks.airflow.providers.standard.hooks.subprocess.SubprocessHook"}
{"timestamp":"2025-10-25T13:40:32.267558","level":"info","event":"comment level: dict_keys(['title', 'score', 'id', 'url', 'comment'])","logger":"airflow.task.hooks.airflow.providers.standard.hooks.subprocess.SubprocessHook"}
{"timestamp":"2025-10-25T13:40:32.267595","level":"info","event":"reply level: dict_keys(['title', 'score', 'id', 'url', 'comment'])","logger":"airflow.task.hooks.airflow.providers.standard.hooks.subprocess.SubprocessHook"}
{"timestamp":"2025-10-25T13:40:32.267633","level":"info","event":"comment level: dict_keys(['title', 'score', 'id', 'url', 'comment'])","logger":"airflow.task.hooks.airflow.providers.standard.hooks.subprocess.SubprocessHook"}
{"timestamp":"2025-10-25T13:40:32.267669","level":"info","event":"comment level: dict_keys(['title', 'score', 'id', 'url', 'comment'])","logger":"airflow.task.hooks.airflow.providers.standard.hooks.subprocess.SubprocessHook"}
{"timestamp":"2025-10-25T13:40:32.267705","level":"info","event":"comment level: dict_keys(['title', 'score', 'id', 'url', 'comment'])","logger":"airflow.task.hooks.airflow.providers.standard.hooks.subprocess.SubprocessHook"}
{"timestamp":"2025-10-25T13:40:32.267739","level":"info","event":"comment level: dict_keys(['title', 'score', 'id', 'url', 'comment'])","logger":"airflow.task.hooks.airflow.providers.standard.hooks.subprocess.SubprocessHook"}
{"timestamp":"2025-10-25T13:40:32.267802","level":"info","event":"comment level: dict_keys(['title', 'score', 'id', 'url', 'comment'])","logger":"airflow.task.hooks.airflow.providers.standard.hooks.subprocess.SubprocessHook"}
{"timestamp":"2025-10-25T13:40:32.267893","level":"info","event":"reply level: dict_keys(['title', 'score', 'id', 'url', 'comment'])","logger":"airflow.task.hooks.airflow.providers.standard.hooks.subprocess.SubprocessHook"}
{"timestamp":"2025-10-25T13:40:32.267947","level":"info","event":"comment level: dict_keys(['title', 'score', 'id', 'url', 'comment'])","logger":"airflow.task.hooks.airflow.providers.standard.hooks.subprocess.SubprocessHook"}
{"timestamp":"2025-10-25T13:40:32.267992","level":"info","event":"comment level: dict_keys(['title', 'score', 'id', 'url', 'comment'])","logger":"airflow.task.hooks.airflow.providers.standard.hooks.subprocess.SubprocessHook"}
{"timestamp":"2025-10-25T13:40:32.268028","level":"info","event":"comment level: dict_keys(['title', 'score', 'id', 'url', 'comment'])","logger":"airflow.task.hooks.airflow.providers.standard.hooks.subprocess.SubprocessHook"}
{"timestamp":"2025-10-25T13:40:32.268065","level":"info","event":"comment level: dict_keys(['title', 'score', 'id', 'url', 'comment'])","logger":"airflow.task.hooks.airflow.providers.standard.hooks.subprocess.SubprocessHook"}
{"timestamp":"2025-10-25T13:40:32.268101","level":"info","event":"comment level: dict_keys(['title', 'score', 'id', 'url', 'comment'])","logger":"airflow.task.hooks.airflow.providers.standard.hooks.subprocess.SubprocessHook"}
{"timestamp":"2025-10-25T13:40:32.268137","level":"info","event":"comment level: dict_keys(['title', 'score', 'id', 'url', 'comment'])","logger":"airflow.task.hooks.airflow.providers.standard.hooks.subprocess.SubprocessHook"}
{"timestamp":"2025-10-25T13:40:32.268188","level":"info","event":"comment level: dict_keys(['title', 'score', 'id', 'url', 'comment'])","logger":"airflow.task.hooks.airflow.providers.standard.hooks.subprocess.SubprocessHook"}
{"timestamp":"2025-10-25T13:40:32.268244","level":"info","event":"comment level: dict_keys(['title', 'score', 'id', 'url', 'comment'])","logger":"airflow.task.hooks.airflow.providers.standard.hooks.subprocess.SubprocessHook"}
{"timestamp":"2025-10-25T13:40:32.268284","level":"info","event":"comment level: dict_keys(['title', 'score', 'id', 'url', 'comment'])","logger":"airflow.task.hooks.airflow.providers.standard.hooks.subprocess.SubprocessHook"}
{"timestamp":"2025-10-25T13:40:32.268335","level":"info","event":"comment level: dict_keys(['title', 'score', 'id', 'url', 'comment'])","logger":"airflow.task.hooks.airflow.providers.standard.hooks.subprocess.SubprocessHook"}
{"timestamp":"2025-10-25T13:40:32.268375","level":"info","event":"comment level: dict_keys(['title', 'score', 'id', 'url', 'comment'])","logger":"airflow.task.hooks.airflow.providers.standard.hooks.subprocess.SubprocessHook"}
{"timestamp":"2025-10-25T13:40:32.268410","level":"info","event":"comment level: dict_keys(['title', 'score', 'id', 'url', 'comment'])","logger":"airflow.task.hooks.airflow.providers.standard.hooks.subprocess.SubprocessHook"}
{"timestamp":"2025-10-25T13:40:32.268444","level":"info","event":"comment level: dict_keys(['title', 'score', 'id', 'url', 'comment'])","logger":"airflow.task.hooks.airflow.providers.standard.hooks.subprocess.SubprocessHook"}
{"timestamp":"2025-10-25T13:40:32.268480","level":"info","event":"comment level: dict_keys(['title', 'score', 'id', 'url', 'comment'])","logger":"airflow.task.hooks.airflow.providers.standard.hooks.subprocess.SubprocessHook"}
{"timestamp":"2025-10-25T13:40:32.268513","level":"info","event":"reply level: dict_keys(['title', 'score', 'id', 'url', 'comment'])","logger":"airflow.task.hooks.airflow.providers.standard.hooks.subprocess.SubprocessHook"}
{"timestamp":"2025-10-25T13:40:32.268577","level":"info","event":"comment level: dict_keys(['title', 'score', 'id', 'url', 'comment'])","logger":"airflow.task.hooks.airflow.providers.standard.hooks.subprocess.SubprocessHook"}
{"timestamp":"2025-10-25T13:40:32.268668","level":"info","event":"comment level: dict_keys(['title', 'score', 'id', 'url', 'comment'])","logger":"airflow.task.hooks.airflow.providers.standard.hooks.subprocess.SubprocessHook"}
{"timestamp":"2025-10-25T13:40:32.268713","level":"info","event":"reply level: dict_keys(['title', 'score', 'id', 'url', 'comment'])","logger":"airflow.task.hooks.airflow.providers.standard.hooks.subprocess.SubprocessHook"}
{"timestamp":"2025-10-25T13:40:32.268750","level":"info","event":"reply level: dict_keys(['title', 'score', 'id', 'url', 'comment'])","logger":"airflow.task.hooks.airflow.providers.standard.hooks.subprocess.SubprocessHook"}
{"timestamp":"2025-10-25T13:40:32.268784","level":"info","event":"reply level: dict_keys(['title', 'score', 'id', 'url', 'comment'])","logger":"airflow.task.hooks.airflow.providers.standard.hooks.subprocess.SubprocessHook"}
{"timestamp":"2025-10-25T13:40:32.268817","level":"info","event":"comment level: dict_keys(['title', 'score', 'id', 'url', 'comment'])","logger":"airflow.task.hooks.airflow.providers.standard.hooks.subprocess.SubprocessHook"}
{"timestamp":"2025-10-25T13:40:32.268851","level":"info","event":"comment level: dict_keys(['title', 'score', 'id', 'url', 'comment'])","logger":"airflow.task.hooks.airflow.providers.standard.hooks.subprocess.SubprocessHook"}
{"timestamp":"2025-10-25T13:40:32.268886","level":"info","event":"comment level: dict_keys(['title', 'score', 'id', 'url', 'comment'])","logger":"airflow.task.hooks.airflow.providers.standard.hooks.subprocess.SubprocessHook"}
{"timestamp":"2025-10-25T13:40:32.268920","level":"info","event":"reply level: dict_keys(['title', 'score', 'id', 'url', 'comment'])","logger":"airflow.task.hooks.airflow.providers.standard.hooks.subprocess.SubprocessHook"}
{"timestamp":"2025-10-25T13:40:32.268952","level":"info","event":"reply level: dict_keys(['title', 'score', 'id', 'url', 'comment'])","logger":"airflow.task.hooks.airflow.providers.standard.hooks.subprocess.SubprocessHook"}
{"timestamp":"2025-10-25T13:40:32.268987","level":"info","event":"reply level: dict_keys(['title', 'score', 'id', 'url', 'comment'])","logger":"airflow.task.hooks.airflow.providers.standard.hooks.subprocess.SubprocessHook"}
{"timestamp":"2025-10-25T13:40:32.269047","level":"info","event":"comment level: dict_keys(['title', 'score', 'id', 'url', 'comment'])","logger":"airflow.task.hooks.airflow.providers.standard.hooks.subprocess.SubprocessHook"}
{"timestamp":"2025-10-25T13:40:32.269100","level":"info","event":"comment level: dict_keys(['title', 'score', 'id', 'url', 'comment'])","logger":"airflow.task.hooks.airflow.providers.standard.hooks.subprocess.SubprocessHook"}
{"timestamp":"2025-10-25T13:40:32.269140","level":"info","event":"comment level: dict_keys(['title', 'score', 'id', 'url', 'comment'])","logger":"airflow.task.hooks.airflow.providers.standard.hooks.subprocess.SubprocessHook"}
{"timestamp":"2025-10-25T13:40:32.269177","level":"info","event":"comment level: dict_keys(['title', 'score', 'id', 'url', 'comment'])","logger":"airflow.task.hooks.airflow.providers.standard.hooks.subprocess.SubprocessHook"}
{"timestamp":"2025-10-25T13:40:32.269210","level":"info","event":"comment level: dict_keys(['title', 'score', 'id', 'url', 'comment'])","logger":"airflow.task.hooks.airflow.providers.standard.hooks.subprocess.SubprocessHook"}
{"timestamp":"2025-10-25T13:40:32.270823","level":"info","event":"comment level: dict_keys(['title', 'score', 'id', 'url', 'comment'])","logger":"airflow.task.hooks.airflow.providers.standard.hooks.subprocess.SubprocessHook"}
{"timestamp":"2025-10-25T13:40:32.271117","level":"info","event":"reply level: dict_keys(['title', 'score', 'id', 'url', 'comment'])","logger":"airflow.task.hooks.airflow.providers.standard.hooks.subprocess.SubprocessHook"}
{"timestamp":"2025-10-25T13:40:32.271585","level":"info","event":"comment level: dict_keys(['title', 'score', 'id', 'url', 'comment'])","logger":"airflow.task.hooks.airflow.providers.standard.hooks.subprocess.SubprocessHook"}
{"timestamp":"2025-10-25T13:40:32.271726","level":"info","event":"reply level: dict_keys(['title', 'score', 'id', 'url', 'comment'])","logger":"airflow.task.hooks.airflow.providers.standard.hooks.subprocess.SubprocessHook"}
{"timestamp":"2025-10-25T13:40:32.271798","level":"info","event":"comment level: dict_keys(['title', 'score', 'id', 'url', 'comment'])","logger":"airflow.task.hooks.airflow.providers.standard.hooks.subprocess.SubprocessHook"}
{"timestamp":"2025-10-25T13:40:32.271861","level":"info","event":"comment level: dict_keys(['title', 'score', 'id', 'url', 'comment'])","logger":"airflow.task.hooks.airflow.providers.standard.hooks.subprocess.SubprocessHook"}
{"timestamp":"2025-10-25T13:40:32.271907","level":"info","event":"reply level: dict_keys(['title', 'score', 'id', 'url', 'comment'])","logger":"airflow.task.hooks.airflow.providers.standard.hooks.subprocess.SubprocessHook"}
{"timestamp":"2025-10-25T13:40:32.271949","level":"info","event":"comment level: dict_keys(['title', 'score', 'id', 'url', 'comment'])","logger":"airflow.task.hooks.airflow.providers.standard.hooks.subprocess.SubprocessHook"}
{"timestamp":"2025-10-25T13:40:32.272300","level":"info","event":"reply level: dict_keys(['title', 'score', 'id', 'url', 'comment'])","logger":"airflow.task.hooks.airflow.providers.standard.hooks.subprocess.SubprocessHook"}
{"timestamp":"2025-10-25T13:40:32.272437","level":"info","event":"reply level: dict_keys(['title', 'score', 'id', 'url', 'comment'])","logger":"airflow.task.hooks.airflow.providers.standard.hooks.subprocess.SubprocessHook"}
{"timestamp":"2025-10-25T13:40:32.272502","level":"info","event":"reply level: dict_keys(['title', 'score', 'id', 'url', 'comment'])","logger":"airflow.task.hooks.airflow.providers.standard.hooks.subprocess.SubprocessHook"}
{"timestamp":"2025-10-25T13:40:32.272546","level":"info","event":"reply level: dict_keys(['title', 'score', 'id', 'url', 'comment'])","logger":"airflow.task.hooks.airflow.providers.standard.hooks.subprocess.SubprocessHook"}
{"timestamp":"2025-10-25T13:40:32.272727","level":"info","event":"comment level: dict_keys(['title', 'score', 'id', 'url', 'comment'])","logger":"airflow.task.hooks.airflow.providers.standard.hooks.subprocess.SubprocessHook"}
{"timestamp":"2025-10-25T13:40:32.272846","level":"info","event":"reply level: dict_keys(['title', 'score', 'id', 'url', 'comment'])","logger":"airflow.task.hooks.airflow.providers.standard.hooks.subprocess.SubprocessHook"}
{"timestamp":"2025-10-25T13:40:32.331660","level":"info","event":"Command exited with return code 0","logger":"airflow.task.hooks.airflow.providers.standard.hooks.subprocess.SubprocessHook"}
{"timestamp":"2025-10-25T13:40:32.333088","level":"info","event":"Pushing xcom","ti":"RuntimeTaskInstance(id=UUID('019a1b99-464c-7686-bc89-b0d2321b9b0e'), task_id='fetch_data', dag_id='extract_pipeline', run_id='manual__2025-10-25T13:40:21.164798+00:00', try_number=1, map_index=-1, hostname='18071662712c', context_carrier=None, task=<Task(BashOperator): fetch_data>, bundle_instance=LocalDagBundle(name=dags-folder), max_tries=3, start_date=datetime.datetime(2025, 10, 25, 13, 40, 22, 127429, tzinfo=TzInfo(UTC)), end_date=None, state=<TaskInstanceState.RUNNING: 'running'>, is_mapped=False, rendered_map_index=None)","logger":"task"}
