{"timestamp":"2025-10-12T14:10:01.592769","level":"info","event":"DAG bundles loaded: dags-folder","logger":"airflow.dag_processing.bundles.manager.DagBundlesManager"}
{"timestamp":"2025-10-12T14:10:01.593800","level":"info","event":"Filling up the DagBag from /opt/airflow/dags/extract_pipeline.py","logger":"airflow.models.dagbag.DagBag"}
{"timestamp":"2025-10-12T14:10:04.096245","level":"info","event":"Tmp dir root location: /tmp","logger":"airflow.task.hooks.airflow.providers.standard.hooks.subprocess.SubprocessHook"}
{"timestamp":"2025-10-12T14:10:04.098669","level":"info","event":"Running command: ['/usr/bin/bash', '-c', 'python /opt/airflow/dags/operators/fetch_reddit_data.py']","logger":"airflow.task.hooks.airflow.providers.standard.hooks.subprocess.SubprocessHook"}
{"timestamp":"2025-10-12T14:10:04.118946","level":"info","event":"Output:","logger":"airflow.task.hooks.airflow.providers.standard.hooks.subprocess.SubprocessHook"}
{"timestamp":"2025-10-12T14:10:07.940525","level":"info","event":"Traceback (most recent call last):","logger":"airflow.task.hooks.airflow.providers.standard.hooks.subprocess.SubprocessHook"}
{"timestamp":"2025-10-12T14:10:07.940886","level":"info","event":"  File \"/opt/airflow/dags/operators/fetch_reddit_data.py\", line 98, in <module>","logger":"airflow.task.hooks.airflow.providers.standard.hooks.subprocess.SubprocessHook"}
{"timestamp":"2025-10-12T14:10:07.960473","level":"info","event":"    producer = KafkaProducer(","logger":"airflow.task.hooks.airflow.providers.standard.hooks.subprocess.SubprocessHook"}
{"timestamp":"2025-10-12T14:10:07.961430","level":"info","event":"               ^^^^^^^^^^^^^^","logger":"airflow.task.hooks.airflow.providers.standard.hooks.subprocess.SubprocessHook"}
{"timestamp":"2025-10-12T14:10:07.961811","level":"info","event":"  File \"/home/airflow/.local/lib/python3.11/site-packages/kafka/producer/kafka.py\", line 481, in __init__","logger":"airflow.task.hooks.airflow.providers.standard.hooks.subprocess.SubprocessHook"}
{"timestamp":"2025-10-12T14:10:07.963280","level":"info","event":"    client = self.config['kafka_client'](","logger":"airflow.task.hooks.airflow.providers.standard.hooks.subprocess.SubprocessHook"}
{"timestamp":"2025-10-12T14:10:07.964116","level":"info","event":"             ^^^^^^^^^^^^^^^^^^^^^^^^^^^^","logger":"airflow.task.hooks.airflow.providers.standard.hooks.subprocess.SubprocessHook"}
{"timestamp":"2025-10-12T14:10:07.964513","level":"info","event":"  File \"/home/airflow/.local/lib/python3.11/site-packages/kafka/client_async.py\", line 262, in __init__","logger":"airflow.task.hooks.airflow.providers.standard.hooks.subprocess.SubprocessHook"}
{"timestamp":"2025-10-12T14:10:07.964992","level":"info","event":"    self.config['api_version'] = self.check_version()","logger":"airflow.task.hooks.airflow.providers.standard.hooks.subprocess.SubprocessHook"}
{"timestamp":"2025-10-12T14:10:07.965199","level":"info","event":"                                 ^^^^^^^^^^^^^^^^^^^^","logger":"airflow.task.hooks.airflow.providers.standard.hooks.subprocess.SubprocessHook"}
{"timestamp":"2025-10-12T14:10:07.965341","level":"info","event":"  File \"/home/airflow/.local/lib/python3.11/site-packages/kafka/client_async.py\", line 1074, in check_version","logger":"airflow.task.hooks.airflow.providers.standard.hooks.subprocess.SubprocessHook"}
{"timestamp":"2025-10-12T14:10:07.965516","level":"info","event":"    raise Errors.NoBrokersAvailable()","logger":"airflow.task.hooks.airflow.providers.standard.hooks.subprocess.SubprocessHook"}
{"timestamp":"2025-10-12T14:10:07.965685","level":"info","event":"kafka.errors.NoBrokersAvailable: NoBrokersAvailable","logger":"airflow.task.hooks.airflow.providers.standard.hooks.subprocess.SubprocessHook"}
{"timestamp":"2025-10-12T14:10:08.099212","level":"info","event":"Command exited with return code 1","logger":"airflow.task.hooks.airflow.providers.standard.hooks.subprocess.SubprocessHook"}
{"timestamp":"2025-10-12T14:10:08.099970","level":"error","event":"Task failed with exception","logger":"task","error_detail":[{"exc_type":"AirflowException","exc_value":"Bash command failed. The command returned a non-zero exit code 1.","exc_notes":[],"syntax_error":null,"is_cause":false,"frames":[{"filename":"/home/airflow/.local/lib/python3.11/site-packages/airflow/sdk/execution_time/task_runner.py","lineno":867,"name":"run"},{"filename":"/home/airflow/.local/lib/python3.11/site-packages/airflow/sdk/execution_time/task_runner.py","lineno":1159,"name":"_execute_task"},{"filename":"/home/airflow/.local/lib/python3.11/site-packages/airflow/sdk/bases/operator.py","lineno":397,"name":"wrapper"},{"filename":"/home/airflow/.local/lib/python3.11/site-packages/airflow/providers/standard/operators/bash.py","lineno":233,"name":"execute"}],"is_group":false,"exceptions":[]}]}
