{"timestamp":"2025-10-25T13:39:21.408509","level":"info","event":"DAG bundles loaded: dags-folder","logger":"airflow.dag_processing.bundles.manager.DagBundlesManager"}
{"timestamp":"2025-10-25T13:39:21.409449","level":"info","event":"Filling up the DagBag from /opt/airflow/dags/extract_pipeline.py","logger":"airflow.models.dagbag.DagBag"}
{"timestamp":"2025-10-25T13:39:22.597809","level":"info","event":"Tmp dir root location: /tmp","logger":"airflow.task.hooks.airflow.providers.standard.hooks.subprocess.SubprocessHook"}
{"timestamp":"2025-10-25T13:39:22.599402","level":"info","event":"Running command: ['/usr/bin/bash', '-c', 'python /opt/airflow/dags/operators/fetch_data.py']","logger":"airflow.task.hooks.airflow.providers.standard.hooks.subprocess.SubprocessHook"}
{"timestamp":"2025-10-25T13:39:22.622865","level":"info","event":"Output:","logger":"airflow.task.hooks.airflow.providers.standard.hooks.subprocess.SubprocessHook"}
{"timestamp":"2025-10-25T13:39:30.213225","level":"info","event":"comment level: dict_keys(['title', 'score', 'id', 'url', 'comment'])","logger":"airflow.task.hooks.airflow.providers.standard.hooks.subprocess.SubprocessHook"}
{"timestamp":"2025-10-25T13:39:30.213414","level":"info","event":"reply level: dict_keys(['title', 'score', 'id', 'url', 'comment'])","logger":"airflow.task.hooks.airflow.providers.standard.hooks.subprocess.SubprocessHook"}
{"timestamp":"2025-10-25T13:39:30.213489","level":"info","event":"reply level: dict_keys(['title', 'score', 'id', 'url', 'comment'])","logger":"airflow.task.hooks.airflow.providers.standard.hooks.subprocess.SubprocessHook"}
{"timestamp":"2025-10-25T13:39:30.213542","level":"info","event":"reply level: dict_keys(['title', 'score', 'id', 'url', 'comment'])","logger":"airflow.task.hooks.airflow.providers.standard.hooks.subprocess.SubprocessHook"}
{"timestamp":"2025-10-25T13:39:30.213589","level":"info","event":"reply level: dict_keys(['title', 'score', 'id', 'url', 'comment'])","logger":"airflow.task.hooks.airflow.providers.standard.hooks.subprocess.SubprocessHook"}
{"timestamp":"2025-10-25T13:39:30.213685","level":"info","event":"reply level: dict_keys(['title', 'score', 'id', 'url', 'comment'])","logger":"airflow.task.hooks.airflow.providers.standard.hooks.subprocess.SubprocessHook"}
{"timestamp":"2025-10-25T13:39:30.213733","level":"info","event":"reply level: dict_keys(['title', 'score', 'id', 'url', 'comment'])","logger":"airflow.task.hooks.airflow.providers.standard.hooks.subprocess.SubprocessHook"}
{"timestamp":"2025-10-25T13:39:30.213778","level":"info","event":"comment level: dict_keys(['title', 'score', 'id', 'url', 'comment'])","logger":"airflow.task.hooks.airflow.providers.standard.hooks.subprocess.SubprocessHook"}
{"timestamp":"2025-10-25T13:39:30.213819","level":"info","event":"reply level: dict_keys(['title', 'score', 'id', 'url', 'comment'])","logger":"airflow.task.hooks.airflow.providers.standard.hooks.subprocess.SubprocessHook"}
{"timestamp":"2025-10-25T13:39:30.213858","level":"info","event":"comment level: dict_keys(['title', 'score', 'id', 'url', 'comment'])","logger":"airflow.task.hooks.airflow.providers.standard.hooks.subprocess.SubprocessHook"}
{"timestamp":"2025-10-25T13:39:30.213895","level":"info","event":"reply level: dict_keys(['title', 'score', 'id', 'url', 'comment'])","logger":"airflow.task.hooks.airflow.providers.standard.hooks.subprocess.SubprocessHook"}
{"timestamp":"2025-10-25T13:39:30.213934","level":"info","event":"comment level: dict_keys(['title', 'score', 'id', 'url', 'comment'])","logger":"airflow.task.hooks.airflow.providers.standard.hooks.subprocess.SubprocessHook"}
{"timestamp":"2025-10-25T13:39:30.213972","level":"info","event":"reply level: dict_keys(['title', 'score', 'id', 'url', 'comment'])","logger":"airflow.task.hooks.airflow.providers.standard.hooks.subprocess.SubprocessHook"}
{"timestamp":"2025-10-25T13:39:30.214012","level":"info","event":"reply level: dict_keys(['title', 'score', 'id', 'url', 'comment'])","logger":"airflow.task.hooks.airflow.providers.standard.hooks.subprocess.SubprocessHook"}
{"timestamp":"2025-10-25T13:39:30.214050","level":"info","event":"reply level: dict_keys(['title', 'score', 'id', 'url', 'comment'])","logger":"airflow.task.hooks.airflow.providers.standard.hooks.subprocess.SubprocessHook"}
{"timestamp":"2025-10-25T13:39:30.214085","level":"info","event":"comment level: dict_keys(['title', 'score', 'id', 'url', 'comment'])","logger":"airflow.task.hooks.airflow.providers.standard.hooks.subprocess.SubprocessHook"}
{"timestamp":"2025-10-25T13:39:30.214146","level":"info","event":"comment level: dict_keys(['title', 'score', 'id', 'url', 'comment'])","logger":"airflow.task.hooks.airflow.providers.standard.hooks.subprocess.SubprocessHook"}
{"timestamp":"2025-10-25T13:39:30.214204","level":"info","event":"reply level: dict_keys(['title', 'score', 'id', 'url', 'comment'])","logger":"airflow.task.hooks.airflow.providers.standard.hooks.subprocess.SubprocessHook"}
{"timestamp":"2025-10-25T13:39:30.214278","level":"info","event":"comment level: dict_keys(['title', 'score', 'id', 'url', 'comment'])","logger":"airflow.task.hooks.airflow.providers.standard.hooks.subprocess.SubprocessHook"}
{"timestamp":"2025-10-25T13:39:30.214367","level":"info","event":"comment level: dict_keys(['title', 'score', 'id', 'url', 'comment'])","logger":"airflow.task.hooks.airflow.providers.standard.hooks.subprocess.SubprocessHook"}
{"timestamp":"2025-10-25T13:39:30.214415","level":"info","event":"comment level: dict_keys(['title', 'score', 'id', 'url', 'comment'])","logger":"airflow.task.hooks.airflow.providers.standard.hooks.subprocess.SubprocessHook"}
{"timestamp":"2025-10-25T13:39:30.214458","level":"info","event":"comment level: dict_keys(['title', 'score', 'id', 'url', 'comment'])","logger":"airflow.task.hooks.airflow.providers.standard.hooks.subprocess.SubprocessHook"}
{"timestamp":"2025-10-25T13:39:30.214497","level":"info","event":"comment level: dict_keys(['title', 'score', 'id', 'url', 'comment'])","logger":"airflow.task.hooks.airflow.providers.standard.hooks.subprocess.SubprocessHook"}
{"timestamp":"2025-10-25T13:39:30.214673","level":"info","event":"comment level: dict_keys(['title', 'score', 'id', 'url', 'comment'])","logger":"airflow.task.hooks.airflow.providers.standard.hooks.subprocess.SubprocessHook"}
{"timestamp":"2025-10-25T13:39:30.214730","level":"info","event":"comment level: dict_keys(['title', 'score', 'id', 'url', 'comment'])","logger":"airflow.task.hooks.airflow.providers.standard.hooks.subprocess.SubprocessHook"}
{"timestamp":"2025-10-25T13:39:30.214771","level":"info","event":"comment level: dict_keys(['title', 'score', 'id', 'url', 'comment'])","logger":"airflow.task.hooks.airflow.providers.standard.hooks.subprocess.SubprocessHook"}
{"timestamp":"2025-10-25T13:39:30.214811","level":"info","event":"reply level: dict_keys(['title', 'score', 'id', 'url', 'comment'])","logger":"airflow.task.hooks.airflow.providers.standard.hooks.subprocess.SubprocessHook"}
{"timestamp":"2025-10-25T13:39:30.214861","level":"info","event":"comment level: dict_keys(['title', 'score', 'id', 'url', 'comment'])","logger":"airflow.task.hooks.airflow.providers.standard.hooks.subprocess.SubprocessHook"}
{"timestamp":"2025-10-25T13:39:30.214926","level":"info","event":"comment level: dict_keys(['title', 'score', 'id', 'url', 'comment'])","logger":"airflow.task.hooks.airflow.providers.standard.hooks.subprocess.SubprocessHook"}
{"timestamp":"2025-10-25T13:39:30.214991","level":"info","event":"comment level: dict_keys(['title', 'score', 'id', 'url', 'comment'])","logger":"airflow.task.hooks.airflow.providers.standard.hooks.subprocess.SubprocessHook"}
{"timestamp":"2025-10-25T13:39:30.215053","level":"info","event":"reply level: dict_keys(['title', 'score', 'id', 'url', 'comment'])","logger":"airflow.task.hooks.airflow.providers.standard.hooks.subprocess.SubprocessHook"}
{"timestamp":"2025-10-25T13:39:30.215089","level":"info","event":"comment level: dict_keys(['title', 'score', 'id', 'url', 'comment'])","logger":"airflow.task.hooks.airflow.providers.standard.hooks.subprocess.SubprocessHook"}
{"timestamp":"2025-10-25T13:39:30.215128","level":"info","event":"reply level: dict_keys(['title', 'score', 'id', 'url', 'comment'])","logger":"airflow.task.hooks.airflow.providers.standard.hooks.subprocess.SubprocessHook"}
{"timestamp":"2025-10-25T13:39:30.215165","level":"info","event":"comment level: dict_keys(['title', 'score', 'id', 'url', 'comment'])","logger":"airflow.task.hooks.airflow.providers.standard.hooks.subprocess.SubprocessHook"}
{"timestamp":"2025-10-25T13:39:30.215199","level":"info","event":"comment level: dict_keys(['title', 'score', 'id', 'url', 'comment'])","logger":"airflow.task.hooks.airflow.providers.standard.hooks.subprocess.SubprocessHook"}
{"timestamp":"2025-10-25T13:39:30.215232","level":"info","event":"comment level: dict_keys(['title', 'score', 'id', 'url', 'comment'])","logger":"airflow.task.hooks.airflow.providers.standard.hooks.subprocess.SubprocessHook"}
{"timestamp":"2025-10-25T13:39:30.215265","level":"info","event":"comment level: dict_keys(['title', 'score', 'id', 'url', 'comment'])","logger":"airflow.task.hooks.airflow.providers.standard.hooks.subprocess.SubprocessHook"}
{"timestamp":"2025-10-25T13:39:30.215298","level":"info","event":"reply level: dict_keys(['title', 'score', 'id', 'url', 'comment'])","logger":"airflow.task.hooks.airflow.providers.standard.hooks.subprocess.SubprocessHook"}
{"timestamp":"2025-10-25T13:39:30.215330","level":"info","event":"comment level: dict_keys(['title', 'score', 'id', 'url', 'comment'])","logger":"airflow.task.hooks.airflow.providers.standard.hooks.subprocess.SubprocessHook"}
{"timestamp":"2025-10-25T13:39:30.215363","level":"info","event":"reply level: dict_keys(['title', 'score', 'id', 'url', 'comment'])","logger":"airflow.task.hooks.airflow.providers.standard.hooks.subprocess.SubprocessHook"}
{"timestamp":"2025-10-25T13:39:30.215395","level":"info","event":"reply level: dict_keys(['title', 'score', 'id', 'url', 'comment'])","logger":"airflow.task.hooks.airflow.providers.standard.hooks.subprocess.SubprocessHook"}
{"timestamp":"2025-10-25T13:39:30.215428","level":"info","event":"reply level: dict_keys(['title', 'score', 'id', 'url', 'comment'])","logger":"airflow.task.hooks.airflow.providers.standard.hooks.subprocess.SubprocessHook"}
{"timestamp":"2025-10-25T13:39:30.215545","level":"info","event":"comment level: dict_keys(['title', 'score', 'id', 'url', 'comment'])","logger":"airflow.task.hooks.airflow.providers.standard.hooks.subprocess.SubprocessHook"}
{"timestamp":"2025-10-25T13:39:30.215599","level":"info","event":"comment level: dict_keys(['title', 'score', 'id', 'url', 'comment'])","logger":"airflow.task.hooks.airflow.providers.standard.hooks.subprocess.SubprocessHook"}
{"timestamp":"2025-10-25T13:39:30.215638","level":"info","event":"comment level: dict_keys(['title', 'score', 'id', 'url', 'comment'])","logger":"airflow.task.hooks.airflow.providers.standard.hooks.subprocess.SubprocessHook"}
{"timestamp":"2025-10-25T13:39:30.215676","level":"info","event":"comment level: dict_keys(['title', 'score', 'id', 'url', 'comment'])","logger":"airflow.task.hooks.airflow.providers.standard.hooks.subprocess.SubprocessHook"}
{"timestamp":"2025-10-25T13:39:30.215713","level":"info","event":"reply level: dict_keys(['title', 'score', 'id', 'url', 'comment'])","logger":"airflow.task.hooks.airflow.providers.standard.hooks.subprocess.SubprocessHook"}
{"timestamp":"2025-10-25T13:39:30.215747","level":"info","event":"reply level: dict_keys(['title', 'score', 'id', 'url', 'comment'])","logger":"airflow.task.hooks.airflow.providers.standard.hooks.subprocess.SubprocessHook"}
{"timestamp":"2025-10-25T13:39:30.215786","level":"info","event":"comment level: dict_keys(['title', 'score', 'id', 'url', 'comment'])","logger":"airflow.task.hooks.airflow.providers.standard.hooks.subprocess.SubprocessHook"}
{"timestamp":"2025-10-25T13:39:30.215821","level":"info","event":"comment level: dict_keys(['title', 'score', 'id', 'url', 'comment'])","logger":"airflow.task.hooks.airflow.providers.standard.hooks.subprocess.SubprocessHook"}
{"timestamp":"2025-10-25T13:39:30.215935","level":"info","event":"reply level: dict_keys(['title', 'score', 'id', 'url', 'comment'])","logger":"airflow.task.hooks.airflow.providers.standard.hooks.subprocess.SubprocessHook"}
{"timestamp":"2025-10-25T13:39:30.215985","level":"info","event":"reply level: dict_keys(['title', 'score', 'id', 'url', 'comment'])","logger":"airflow.task.hooks.airflow.providers.standard.hooks.subprocess.SubprocessHook"}
{"timestamp":"2025-10-25T13:39:30.216068","level":"info","event":"comment level: dict_keys(['title', 'score', 'id', 'url', 'comment'])","logger":"airflow.task.hooks.airflow.providers.standard.hooks.subprocess.SubprocessHook"}
{"timestamp":"2025-10-25T13:39:30.216121","level":"info","event":"comment level: dict_keys(['title', 'score', 'id', 'url', 'comment'])","logger":"airflow.task.hooks.airflow.providers.standard.hooks.subprocess.SubprocessHook"}
{"timestamp":"2025-10-25T13:39:30.216192","level":"info","event":"comment level: dict_keys(['title', 'score', 'id', 'url', 'comment'])","logger":"airflow.task.hooks.airflow.providers.standard.hooks.subprocess.SubprocessHook"}
{"timestamp":"2025-10-25T13:39:30.216244","level":"info","event":"comment level: dict_keys(['title', 'score', 'id', 'url', 'comment'])","logger":"airflow.task.hooks.airflow.providers.standard.hooks.subprocess.SubprocessHook"}
{"timestamp":"2025-10-25T13:39:30.216287","level":"info","event":"reply level: dict_keys(['title', 'score', 'id', 'url', 'comment'])","logger":"airflow.task.hooks.airflow.providers.standard.hooks.subprocess.SubprocessHook"}
{"timestamp":"2025-10-25T13:39:30.216324","level":"info","event":"reply level: dict_keys(['title', 'score', 'id', 'url', 'comment'])","logger":"airflow.task.hooks.airflow.providers.standard.hooks.subprocess.SubprocessHook"}
{"timestamp":"2025-10-25T13:39:30.216402","level":"info","event":"reply level: dict_keys(['title', 'score', 'id', 'url', 'comment'])","logger":"airflow.task.hooks.airflow.providers.standard.hooks.subprocess.SubprocessHook"}
{"timestamp":"2025-10-25T13:39:30.216474","level":"info","event":"reply level: dict_keys(['title', 'score', 'id', 'url', 'comment'])","logger":"airflow.task.hooks.airflow.providers.standard.hooks.subprocess.SubprocessHook"}
{"timestamp":"2025-10-25T13:39:30.216545","level":"info","event":"comment level: dict_keys(['title', 'score', 'id', 'url', 'comment'])","logger":"airflow.task.hooks.airflow.providers.standard.hooks.subprocess.SubprocessHook"}
{"timestamp":"2025-10-25T13:39:30.216618","level":"info","event":"comment level: dict_keys(['title', 'score', 'id', 'url', 'comment'])","logger":"airflow.task.hooks.airflow.providers.standard.hooks.subprocess.SubprocessHook"}
{"timestamp":"2025-10-25T13:39:30.216695","level":"info","event":"comment level: dict_keys(['title', 'score', 'id', 'url', 'comment'])","logger":"airflow.task.hooks.airflow.providers.standard.hooks.subprocess.SubprocessHook"}
{"timestamp":"2025-10-25T13:39:30.216775","level":"info","event":"reply level: dict_keys(['title', 'score', 'id', 'url', 'comment'])","logger":"airflow.task.hooks.airflow.providers.standard.hooks.subprocess.SubprocessHook"}
{"timestamp":"2025-10-25T13:39:30.216828","level":"info","event":"reply level: dict_keys(['title', 'score', 'id', 'url', 'comment'])","logger":"airflow.task.hooks.airflow.providers.standard.hooks.subprocess.SubprocessHook"}
{"timestamp":"2025-10-25T13:39:30.216870","level":"info","event":"reply level: dict_keys(['title', 'score', 'id', 'url', 'comment'])","logger":"airflow.task.hooks.airflow.providers.standard.hooks.subprocess.SubprocessHook"}
{"timestamp":"2025-10-25T13:39:30.216970","level":"info","event":"reply level: dict_keys(['title', 'score', 'id', 'url', 'comment'])","logger":"airflow.task.hooks.airflow.providers.standard.hooks.subprocess.SubprocessHook"}
{"timestamp":"2025-10-25T13:39:30.217013","level":"info","event":"reply level: dict_keys(['title', 'score', 'id', 'url', 'comment'])","logger":"airflow.task.hooks.airflow.providers.standard.hooks.subprocess.SubprocessHook"}
{"timestamp":"2025-10-25T13:39:30.217049","level":"info","event":"comment level: dict_keys(['title', 'score', 'id', 'url', 'comment'])","logger":"airflow.task.hooks.airflow.providers.standard.hooks.subprocess.SubprocessHook"}
{"timestamp":"2025-10-25T13:39:30.217086","level":"info","event":"reply level: dict_keys(['title', 'score', 'id', 'url', 'comment'])","logger":"airflow.task.hooks.airflow.providers.standard.hooks.subprocess.SubprocessHook"}
{"timestamp":"2025-10-25T13:39:30.217122","level":"info","event":"reply level: dict_keys(['title', 'score', 'id', 'url', 'comment'])","logger":"airflow.task.hooks.airflow.providers.standard.hooks.subprocess.SubprocessHook"}
{"timestamp":"2025-10-25T13:39:30.217158","level":"info","event":"reply level: dict_keys(['title', 'score', 'id', 'url', 'comment'])","logger":"airflow.task.hooks.airflow.providers.standard.hooks.subprocess.SubprocessHook"}
{"timestamp":"2025-10-25T13:39:30.217192","level":"info","event":"reply level: dict_keys(['title', 'score', 'id', 'url', 'comment'])","logger":"airflow.task.hooks.airflow.providers.standard.hooks.subprocess.SubprocessHook"}
{"timestamp":"2025-10-25T13:39:30.217226","level":"info","event":"reply level: dict_keys(['title', 'score', 'id', 'url', 'comment'])","logger":"airflow.task.hooks.airflow.providers.standard.hooks.subprocess.SubprocessHook"}
{"timestamp":"2025-10-25T13:39:30.217259","level":"info","event":"comment level: dict_keys(['title', 'score', 'id', 'url', 'comment'])","logger":"airflow.task.hooks.airflow.providers.standard.hooks.subprocess.SubprocessHook"}
{"timestamp":"2025-10-25T13:39:30.217292","level":"info","event":"comment level: dict_keys(['title', 'score', 'id', 'url', 'comment'])","logger":"airflow.task.hooks.airflow.providers.standard.hooks.subprocess.SubprocessHook"}
{"timestamp":"2025-10-25T13:39:30.217328","level":"info","event":"reply level: dict_keys(['title', 'score', 'id', 'url', 'comment'])","logger":"airflow.task.hooks.airflow.providers.standard.hooks.subprocess.SubprocessHook"}
{"timestamp":"2025-10-25T13:39:30.217363","level":"info","event":"reply level: dict_keys(['title', 'score', 'id', 'url', 'comment'])","logger":"airflow.task.hooks.airflow.providers.standard.hooks.subprocess.SubprocessHook"}
{"timestamp":"2025-10-25T13:39:30.217396","level":"info","event":"reply level: dict_keys(['title', 'score', 'id', 'url', 'comment'])","logger":"airflow.task.hooks.airflow.providers.standard.hooks.subprocess.SubprocessHook"}
{"timestamp":"2025-10-25T13:39:30.217436","level":"info","event":"comment level: dict_keys(['title', 'score', 'id', 'url', 'comment'])","logger":"airflow.task.hooks.airflow.providers.standard.hooks.subprocess.SubprocessHook"}
{"timestamp":"2025-10-25T13:39:30.217472","level":"info","event":"comment level: dict_keys(['title', 'score', 'id', 'url', 'comment'])","logger":"airflow.task.hooks.airflow.providers.standard.hooks.subprocess.SubprocessHook"}
{"timestamp":"2025-10-25T13:39:30.217507","level":"info","event":"reply level: dict_keys(['title', 'score', 'id', 'url', 'comment'])","logger":"airflow.task.hooks.airflow.providers.standard.hooks.subprocess.SubprocessHook"}
{"timestamp":"2025-10-25T13:39:30.217539","level":"info","event":"comment level: dict_keys(['title', 'score', 'id', 'url', 'comment'])","logger":"airflow.task.hooks.airflow.providers.standard.hooks.subprocess.SubprocessHook"}
{"timestamp":"2025-10-25T13:39:30.217572","level":"info","event":"reply level: dict_keys(['title', 'score', 'id', 'url', 'comment'])","logger":"airflow.task.hooks.airflow.providers.standard.hooks.subprocess.SubprocessHook"}
{"timestamp":"2025-10-25T13:39:30.217606","level":"info","event":"reply level: dict_keys(['title', 'score', 'id', 'url', 'comment'])","logger":"airflow.task.hooks.airflow.providers.standard.hooks.subprocess.SubprocessHook"}
{"timestamp":"2025-10-25T13:39:30.217640","level":"info","event":"reply level: dict_keys(['title', 'score', 'id', 'url', 'comment'])","logger":"airflow.task.hooks.airflow.providers.standard.hooks.subprocess.SubprocessHook"}
{"timestamp":"2025-10-25T13:39:30.217674","level":"info","event":"comment level: dict_keys(['title', 'score', 'id', 'url', 'comment'])","logger":"airflow.task.hooks.airflow.providers.standard.hooks.subprocess.SubprocessHook"}
{"timestamp":"2025-10-25T13:39:30.217708","level":"info","event":"reply level: dict_keys(['title', 'score', 'id', 'url', 'comment'])","logger":"airflow.task.hooks.airflow.providers.standard.hooks.subprocess.SubprocessHook"}
{"timestamp":"2025-10-25T13:39:30.217741","level":"info","event":"reply level: dict_keys(['title', 'score', 'id', 'url', 'comment'])","logger":"airflow.task.hooks.airflow.providers.standard.hooks.subprocess.SubprocessHook"}
{"timestamp":"2025-10-25T13:39:30.217774","level":"info","event":"reply level: dict_keys(['title', 'score', 'id', 'url', 'comment'])","logger":"airflow.task.hooks.airflow.providers.standard.hooks.subprocess.SubprocessHook"}
{"timestamp":"2025-10-25T13:39:30.217808","level":"info","event":"reply level: dict_keys(['title', 'score', 'id', 'url', 'comment'])","logger":"airflow.task.hooks.airflow.providers.standard.hooks.subprocess.SubprocessHook"}
{"timestamp":"2025-10-25T13:39:30.217844","level":"info","event":"comment level: dict_keys(['title', 'score', 'id', 'url', 'comment'])","logger":"airflow.task.hooks.airflow.providers.standard.hooks.subprocess.SubprocessHook"}
{"timestamp":"2025-10-25T13:39:30.217881","level":"info","event":"comment level: dict_keys(['title', 'score', 'id', 'url', 'comment'])","logger":"airflow.task.hooks.airflow.providers.standard.hooks.subprocess.SubprocessHook"}
{"timestamp":"2025-10-25T13:39:30.217914","level":"info","event":"comment level: dict_keys(['title', 'score', 'id', 'url', 'comment'])","logger":"airflow.task.hooks.airflow.providers.standard.hooks.subprocess.SubprocessHook"}
{"timestamp":"2025-10-25T13:39:30.217985","level":"info","event":"comment level: dict_keys(['title', 'score', 'id', 'url', 'comment'])","logger":"airflow.task.hooks.airflow.providers.standard.hooks.subprocess.SubprocessHook"}
{"timestamp":"2025-10-25T13:39:30.218037","level":"info","event":"comment level: dict_keys(['title', 'score', 'id', 'url', 'comment'])","logger":"airflow.task.hooks.airflow.providers.standard.hooks.subprocess.SubprocessHook"}
{"timestamp":"2025-10-25T13:39:30.218078","level":"info","event":"comment level: dict_keys(['title', 'score', 'id', 'url', 'comment'])","logger":"airflow.task.hooks.airflow.providers.standard.hooks.subprocess.SubprocessHook"}
{"timestamp":"2025-10-25T13:39:30.218124","level":"info","event":"comment level: dict_keys(['title', 'score', 'id', 'url', 'comment'])","logger":"airflow.task.hooks.airflow.providers.standard.hooks.subprocess.SubprocessHook"}
{"timestamp":"2025-10-25T13:39:30.218162","level":"info","event":"comment level: dict_keys(['title', 'score', 'id', 'url', 'comment'])","logger":"airflow.task.hooks.airflow.providers.standard.hooks.subprocess.SubprocessHook"}
{"timestamp":"2025-10-25T13:39:30.218197","level":"info","event":"comment level: dict_keys(['title', 'score', 'id', 'url', 'comment'])","logger":"airflow.task.hooks.airflow.providers.standard.hooks.subprocess.SubprocessHook"}
{"timestamp":"2025-10-25T13:39:30.218232","level":"info","event":"comment level: dict_keys(['title', 'score', 'id', 'url', 'comment'])","logger":"airflow.task.hooks.airflow.providers.standard.hooks.subprocess.SubprocessHook"}
{"timestamp":"2025-10-25T13:39:30.218268","level":"info","event":"comment level: dict_keys(['title', 'score', 'id', 'url', 'comment'])","logger":"airflow.task.hooks.airflow.providers.standard.hooks.subprocess.SubprocessHook"}
{"timestamp":"2025-10-25T13:39:30.218306","level":"info","event":"comment level: dict_keys(['title', 'score', 'id', 'url', 'comment'])","logger":"airflow.task.hooks.airflow.providers.standard.hooks.subprocess.SubprocessHook"}
{"timestamp":"2025-10-25T13:39:30.218345","level":"info","event":"comment level: dict_keys(['title', 'score', 'id', 'url', 'comment'])","logger":"airflow.task.hooks.airflow.providers.standard.hooks.subprocess.SubprocessHook"}
{"timestamp":"2025-10-25T13:39:30.218377","level":"info","event":"comment level: dict_keys(['title', 'score', 'id', 'url', 'comment'])","logger":"airflow.task.hooks.airflow.providers.standard.hooks.subprocess.SubprocessHook"}
{"timestamp":"2025-10-25T13:39:30.218410","level":"info","event":"comment level: dict_keys(['title', 'score', 'id', 'url', 'comment'])","logger":"airflow.task.hooks.airflow.providers.standard.hooks.subprocess.SubprocessHook"}
{"timestamp":"2025-10-25T13:39:30.218470","level":"info","event":"comment level: dict_keys(['title', 'score', 'id', 'url', 'comment'])","logger":"airflow.task.hooks.airflow.providers.standard.hooks.subprocess.SubprocessHook"}
{"timestamp":"2025-10-25T13:39:30.218565","level":"info","event":"comment level: dict_keys(['title', 'score', 'id', 'url', 'comment'])","logger":"airflow.task.hooks.airflow.providers.standard.hooks.subprocess.SubprocessHook"}
{"timestamp":"2025-10-25T13:39:30.218623","level":"info","event":"comment level: dict_keys(['title', 'score', 'id', 'url', 'comment'])","logger":"airflow.task.hooks.airflow.providers.standard.hooks.subprocess.SubprocessHook"}
{"timestamp":"2025-10-25T13:39:30.218663","level":"info","event":"comment level: dict_keys(['title', 'score', 'id', 'url', 'comment'])","logger":"airflow.task.hooks.airflow.providers.standard.hooks.subprocess.SubprocessHook"}
{"timestamp":"2025-10-25T13:39:30.218698","level":"info","event":"comment level: dict_keys(['title', 'score', 'id', 'url', 'comment'])","logger":"airflow.task.hooks.airflow.providers.standard.hooks.subprocess.SubprocessHook"}
{"timestamp":"2025-10-25T13:39:30.218734","level":"info","event":"comment level: dict_keys(['title', 'score', 'id', 'url', 'comment'])","logger":"airflow.task.hooks.airflow.providers.standard.hooks.subprocess.SubprocessHook"}
{"timestamp":"2025-10-25T13:39:30.218769","level":"info","event":"comment level: dict_keys(['title', 'score', 'id', 'url', 'comment'])","logger":"airflow.task.hooks.airflow.providers.standard.hooks.subprocess.SubprocessHook"}
{"timestamp":"2025-10-25T13:39:30.218802","level":"info","event":"comment level: dict_keys(['title', 'score', 'id', 'url', 'comment'])","logger":"airflow.task.hooks.airflow.providers.standard.hooks.subprocess.SubprocessHook"}
{"timestamp":"2025-10-25T13:39:30.218834","level":"info","event":"comment level: dict_keys(['title', 'score', 'id', 'url', 'comment'])","logger":"airflow.task.hooks.airflow.providers.standard.hooks.subprocess.SubprocessHook"}
{"timestamp":"2025-10-25T13:39:30.218869","level":"info","event":"comment level: dict_keys(['title', 'score', 'id', 'url', 'comment'])","logger":"airflow.task.hooks.airflow.providers.standard.hooks.subprocess.SubprocessHook"}
{"timestamp":"2025-10-25T13:39:30.218903","level":"info","event":"comment level: dict_keys(['title', 'score', 'id', 'url', 'comment'])","logger":"airflow.task.hooks.airflow.providers.standard.hooks.subprocess.SubprocessHook"}
{"timestamp":"2025-10-25T13:39:30.218937","level":"info","event":"reply level: dict_keys(['title', 'score', 'id', 'url', 'comment'])","logger":"airflow.task.hooks.airflow.providers.standard.hooks.subprocess.SubprocessHook"}
{"timestamp":"2025-10-25T13:39:30.218973","level":"info","event":"comment level: dict_keys(['title', 'score', 'id', 'url', 'comment'])","logger":"airflow.task.hooks.airflow.providers.standard.hooks.subprocess.SubprocessHook"}
{"timestamp":"2025-10-25T13:39:30.219007","level":"info","event":"comment level: dict_keys(['title', 'score', 'id', 'url', 'comment'])","logger":"airflow.task.hooks.airflow.providers.standard.hooks.subprocess.SubprocessHook"}
{"timestamp":"2025-10-25T13:39:32.120224","level":"info","event":"comment level: dict_keys(['title', 'score', 'id', 'url', 'comment'])","logger":"airflow.task.hooks.airflow.providers.standard.hooks.subprocess.SubprocessHook"}
{"timestamp":"2025-10-25T13:39:32.120392","level":"info","event":"comment level: dict_keys(['title', 'score', 'id', 'url', 'comment'])","logger":"airflow.task.hooks.airflow.providers.standard.hooks.subprocess.SubprocessHook"}
{"timestamp":"2025-10-25T13:39:32.120447","level":"info","event":"comment level: dict_keys(['title', 'score', 'id', 'url', 'comment'])","logger":"airflow.task.hooks.airflow.providers.standard.hooks.subprocess.SubprocessHook"}
{"timestamp":"2025-10-25T13:39:32.120487","level":"info","event":"reply level: dict_keys(['title', 'score', 'id', 'url', 'comment'])","logger":"airflow.task.hooks.airflow.providers.standard.hooks.subprocess.SubprocessHook"}
{"timestamp":"2025-10-25T13:39:32.120526","level":"info","event":"comment level: dict_keys(['title', 'score', 'id', 'url', 'comment'])","logger":"airflow.task.hooks.airflow.providers.standard.hooks.subprocess.SubprocessHook"}
{"timestamp":"2025-10-25T13:39:32.120560","level":"info","event":"comment level: dict_keys(['title', 'score', 'id', 'url', 'comment'])","logger":"airflow.task.hooks.airflow.providers.standard.hooks.subprocess.SubprocessHook"}
{"timestamp":"2025-10-25T13:39:32.120594","level":"info","event":"comment level: dict_keys(['title', 'score', 'id', 'url', 'comment'])","logger":"airflow.task.hooks.airflow.providers.standard.hooks.subprocess.SubprocessHook"}
{"timestamp":"2025-10-25T13:39:32.120630","level":"info","event":"comment level: dict_keys(['title', 'score', 'id', 'url', 'comment'])","logger":"airflow.task.hooks.airflow.providers.standard.hooks.subprocess.SubprocessHook"}
{"timestamp":"2025-10-25T13:39:32.120664","level":"info","event":"comment level: dict_keys(['title', 'score', 'id', 'url', 'comment'])","logger":"airflow.task.hooks.airflow.providers.standard.hooks.subprocess.SubprocessHook"}
{"timestamp":"2025-10-25T13:39:32.120696","level":"info","event":"comment level: dict_keys(['title', 'score', 'id', 'url', 'comment'])","logger":"airflow.task.hooks.airflow.providers.standard.hooks.subprocess.SubprocessHook"}
{"timestamp":"2025-10-25T13:39:32.120728","level":"info","event":"comment level: dict_keys(['title', 'score', 'id', 'url', 'comment'])","logger":"airflow.task.hooks.airflow.providers.standard.hooks.subprocess.SubprocessHook"}
{"timestamp":"2025-10-25T13:39:32.120762","level":"info","event":"comment level: dict_keys(['title', 'score', 'id', 'url', 'comment'])","logger":"airflow.task.hooks.airflow.providers.standard.hooks.subprocess.SubprocessHook"}
{"timestamp":"2025-10-25T13:39:32.120796","level":"info","event":"comment level: dict_keys(['title', 'score', 'id', 'url', 'comment'])","logger":"airflow.task.hooks.airflow.providers.standard.hooks.subprocess.SubprocessHook"}
{"timestamp":"2025-10-25T13:39:32.120831","level":"info","event":"comment level: dict_keys(['title', 'score', 'id', 'url', 'comment'])","logger":"airflow.task.hooks.airflow.providers.standard.hooks.subprocess.SubprocessHook"}
{"timestamp":"2025-10-25T13:39:32.120866","level":"info","event":"comment level: dict_keys(['title', 'score', 'id', 'url', 'comment'])","logger":"airflow.task.hooks.airflow.providers.standard.hooks.subprocess.SubprocessHook"}
{"timestamp":"2025-10-25T13:39:32.120896","level":"info","event":"comment level: dict_keys(['title', 'score', 'id', 'url', 'comment'])","logger":"airflow.task.hooks.airflow.providers.standard.hooks.subprocess.SubprocessHook"}
{"timestamp":"2025-10-25T13:39:32.120927","level":"info","event":"comment level: dict_keys(['title', 'score', 'id', 'url', 'comment'])","logger":"airflow.task.hooks.airflow.providers.standard.hooks.subprocess.SubprocessHook"}
{"timestamp":"2025-10-25T13:39:32.120959","level":"info","event":"comment level: dict_keys(['title', 'score', 'id', 'url', 'comment'])","logger":"airflow.task.hooks.airflow.providers.standard.hooks.subprocess.SubprocessHook"}
{"timestamp":"2025-10-25T13:39:32.120992","level":"info","event":"reply level: dict_keys(['title', 'score', 'id', 'url', 'comment'])","logger":"airflow.task.hooks.airflow.providers.standard.hooks.subprocess.SubprocessHook"}
{"timestamp":"2025-10-25T13:39:32.121025","level":"info","event":"comment level: dict_keys(['title', 'score', 'id', 'url', 'comment'])","logger":"airflow.task.hooks.airflow.providers.standard.hooks.subprocess.SubprocessHook"}
{"timestamp":"2025-10-25T13:39:32.121058","level":"info","event":"comment level: dict_keys(['title', 'score', 'id', 'url', 'comment'])","logger":"airflow.task.hooks.airflow.providers.standard.hooks.subprocess.SubprocessHook"}
{"timestamp":"2025-10-25T13:39:32.121089","level":"info","event":"reply level: dict_keys(['title', 'score', 'id', 'url', 'comment'])","logger":"airflow.task.hooks.airflow.providers.standard.hooks.subprocess.SubprocessHook"}
{"timestamp":"2025-10-25T13:39:32.121119","level":"info","event":"reply level: dict_keys(['title', 'score', 'id', 'url', 'comment'])","logger":"airflow.task.hooks.airflow.providers.standard.hooks.subprocess.SubprocessHook"}
{"timestamp":"2025-10-25T13:39:32.121151","level":"info","event":"reply level: dict_keys(['title', 'score', 'id', 'url', 'comment'])","logger":"airflow.task.hooks.airflow.providers.standard.hooks.subprocess.SubprocessHook"}
{"timestamp":"2025-10-25T13:39:32.121182","level":"info","event":"comment level: dict_keys(['title', 'score', 'id', 'url', 'comment'])","logger":"airflow.task.hooks.airflow.providers.standard.hooks.subprocess.SubprocessHook"}
{"timestamp":"2025-10-25T13:39:32.121215","level":"info","event":"comment level: dict_keys(['title', 'score', 'id', 'url', 'comment'])","logger":"airflow.task.hooks.airflow.providers.standard.hooks.subprocess.SubprocessHook"}
{"timestamp":"2025-10-25T13:39:32.121246","level":"info","event":"comment level: dict_keys(['title', 'score', 'id', 'url', 'comment'])","logger":"airflow.task.hooks.airflow.providers.standard.hooks.subprocess.SubprocessHook"}
{"timestamp":"2025-10-25T13:39:32.121277","level":"info","event":"reply level: dict_keys(['title', 'score', 'id', 'url', 'comment'])","logger":"airflow.task.hooks.airflow.providers.standard.hooks.subprocess.SubprocessHook"}
{"timestamp":"2025-10-25T13:39:32.121307","level":"info","event":"reply level: dict_keys(['title', 'score', 'id', 'url', 'comment'])","logger":"airflow.task.hooks.airflow.providers.standard.hooks.subprocess.SubprocessHook"}
{"timestamp":"2025-10-25T13:39:32.121338","level":"info","event":"reply level: dict_keys(['title', 'score', 'id', 'url', 'comment'])","logger":"airflow.task.hooks.airflow.providers.standard.hooks.subprocess.SubprocessHook"}
{"timestamp":"2025-10-25T13:39:32.121369","level":"info","event":"comment level: dict_keys(['title', 'score', 'id', 'url', 'comment'])","logger":"airflow.task.hooks.airflow.providers.standard.hooks.subprocess.SubprocessHook"}
{"timestamp":"2025-10-25T13:39:32.121400","level":"info","event":"comment level: dict_keys(['title', 'score', 'id', 'url', 'comment'])","logger":"airflow.task.hooks.airflow.providers.standard.hooks.subprocess.SubprocessHook"}
{"timestamp":"2025-10-25T13:39:32.121430","level":"info","event":"comment level: dict_keys(['title', 'score', 'id', 'url', 'comment'])","logger":"airflow.task.hooks.airflow.providers.standard.hooks.subprocess.SubprocessHook"}
{"timestamp":"2025-10-25T13:39:32.121461","level":"info","event":"comment level: dict_keys(['title', 'score', 'id', 'url', 'comment'])","logger":"airflow.task.hooks.airflow.providers.standard.hooks.subprocess.SubprocessHook"}
{"timestamp":"2025-10-25T13:39:32.121493","level":"info","event":"comment level: dict_keys(['title', 'score', 'id', 'url', 'comment'])","logger":"airflow.task.hooks.airflow.providers.standard.hooks.subprocess.SubprocessHook"}
{"timestamp":"2025-10-25T13:39:32.121527","level":"info","event":"comment level: dict_keys(['title', 'score', 'id', 'url', 'comment'])","logger":"airflow.task.hooks.airflow.providers.standard.hooks.subprocess.SubprocessHook"}
{"timestamp":"2025-10-25T13:39:32.121560","level":"info","event":"reply level: dict_keys(['title', 'score', 'id', 'url', 'comment'])","logger":"airflow.task.hooks.airflow.providers.standard.hooks.subprocess.SubprocessHook"}
{"timestamp":"2025-10-25T13:39:32.121592","level":"info","event":"comment level: dict_keys(['title', 'score', 'id', 'url', 'comment'])","logger":"airflow.task.hooks.airflow.providers.standard.hooks.subprocess.SubprocessHook"}
{"timestamp":"2025-10-25T13:39:32.121624","level":"info","event":"reply level: dict_keys(['title', 'score', 'id', 'url', 'comment'])","logger":"airflow.task.hooks.airflow.providers.standard.hooks.subprocess.SubprocessHook"}
{"timestamp":"2025-10-25T13:39:32.121656","level":"info","event":"comment level: dict_keys(['title', 'score', 'id', 'url', 'comment'])","logger":"airflow.task.hooks.airflow.providers.standard.hooks.subprocess.SubprocessHook"}
{"timestamp":"2025-10-25T13:39:32.121688","level":"info","event":"reply level: dict_keys(['title', 'score', 'id', 'url', 'comment'])","logger":"airflow.task.hooks.airflow.providers.standard.hooks.subprocess.SubprocessHook"}
{"timestamp":"2025-10-25T13:39:32.121720","level":"info","event":"comment level: dict_keys(['title', 'score', 'id', 'url', 'comment'])","logger":"airflow.task.hooks.airflow.providers.standard.hooks.subprocess.SubprocessHook"}
{"timestamp":"2025-10-25T13:39:32.121754","level":"info","event":"reply level: dict_keys(['title', 'score', 'id', 'url', 'comment'])","logger":"airflow.task.hooks.airflow.providers.standard.hooks.subprocess.SubprocessHook"}
{"timestamp":"2025-10-25T13:39:32.121787","level":"info","event":"reply level: dict_keys(['title', 'score', 'id', 'url', 'comment'])","logger":"airflow.task.hooks.airflow.providers.standard.hooks.subprocess.SubprocessHook"}
{"timestamp":"2025-10-25T13:39:32.121823","level":"info","event":"comment level: dict_keys(['title', 'score', 'id', 'url', 'comment'])","logger":"airflow.task.hooks.airflow.providers.standard.hooks.subprocess.SubprocessHook"}
{"timestamp":"2025-10-25T13:39:32.121858","level":"info","event":"reply level: dict_keys(['title', 'score', 'id', 'url', 'comment'])","logger":"airflow.task.hooks.airflow.providers.standard.hooks.subprocess.SubprocessHook"}
{"timestamp":"2025-10-25T13:39:32.121919","level":"info","event":"comment level: dict_keys(['title', 'score', 'id', 'url', 'comment'])","logger":"airflow.task.hooks.airflow.providers.standard.hooks.subprocess.SubprocessHook"}
{"timestamp":"2025-10-25T13:39:32.121974","level":"info","event":"reply level: dict_keys(['title', 'score', 'id', 'url', 'comment'])","logger":"airflow.task.hooks.airflow.providers.standard.hooks.subprocess.SubprocessHook"}
{"timestamp":"2025-10-25T13:39:32.122014","level":"info","event":"comment level: dict_keys(['title', 'score', 'id', 'url', 'comment'])","logger":"airflow.task.hooks.airflow.providers.standard.hooks.subprocess.SubprocessHook"}
{"timestamp":"2025-10-25T13:39:32.122051","level":"info","event":"comment level: dict_keys(['title', 'score', 'id', 'url', 'comment'])","logger":"airflow.task.hooks.airflow.providers.standard.hooks.subprocess.SubprocessHook"}
{"timestamp":"2025-10-25T13:39:32.122086","level":"info","event":"comment level: dict_keys(['title', 'score', 'id', 'url', 'comment'])","logger":"airflow.task.hooks.airflow.providers.standard.hooks.subprocess.SubprocessHook"}
{"timestamp":"2025-10-25T13:39:32.122119","level":"info","event":"comment level: dict_keys(['title', 'score', 'id', 'url', 'comment'])","logger":"airflow.task.hooks.airflow.providers.standard.hooks.subprocess.SubprocessHook"}
{"timestamp":"2025-10-25T13:39:32.122152","level":"info","event":"comment level: dict_keys(['title', 'score', 'id', 'url', 'comment'])","logger":"airflow.task.hooks.airflow.providers.standard.hooks.subprocess.SubprocessHook"}
{"timestamp":"2025-10-25T13:39:32.122185","level":"info","event":"comment level: dict_keys(['title', 'score', 'id', 'url', 'comment'])","logger":"airflow.task.hooks.airflow.providers.standard.hooks.subprocess.SubprocessHook"}
{"timestamp":"2025-10-25T13:39:32.122220","level":"info","event":"reply level: dict_keys(['title', 'score', 'id', 'url', 'comment'])","logger":"airflow.task.hooks.airflow.providers.standard.hooks.subprocess.SubprocessHook"}
{"timestamp":"2025-10-25T13:39:32.122271","level":"info","event":"reply level: dict_keys(['title', 'score', 'id', 'url', 'comment'])","logger":"airflow.task.hooks.airflow.providers.standard.hooks.subprocess.SubprocessHook"}
{"timestamp":"2025-10-25T13:39:32.122328","level":"info","event":"comment level: dict_keys(['title', 'score', 'id', 'url', 'comment'])","logger":"airflow.task.hooks.airflow.providers.standard.hooks.subprocess.SubprocessHook"}
{"timestamp":"2025-10-25T13:39:32.122367","level":"info","event":"comment level: dict_keys(['title', 'score', 'id', 'url', 'comment'])","logger":"airflow.task.hooks.airflow.providers.standard.hooks.subprocess.SubprocessHook"}
{"timestamp":"2025-10-25T13:39:32.122402","level":"info","event":"comment level: dict_keys(['title', 'score', 'id', 'url', 'comment'])","logger":"airflow.task.hooks.airflow.providers.standard.hooks.subprocess.SubprocessHook"}
{"timestamp":"2025-10-25T13:39:32.122437","level":"info","event":"reply level: dict_keys(['title', 'score', 'id', 'url', 'comment'])","logger":"airflow.task.hooks.airflow.providers.standard.hooks.subprocess.SubprocessHook"}
{"timestamp":"2025-10-25T13:39:32.122539","level":"info","event":"reply level: dict_keys(['title', 'score', 'id', 'url', 'comment'])","logger":"airflow.task.hooks.airflow.providers.standard.hooks.subprocess.SubprocessHook"}
{"timestamp":"2025-10-25T13:39:32.122596","level":"info","event":"comment level: dict_keys(['title', 'score', 'id', 'url', 'comment'])","logger":"airflow.task.hooks.airflow.providers.standard.hooks.subprocess.SubprocessHook"}
{"timestamp":"2025-10-25T13:39:32.122635","level":"info","event":"comment level: dict_keys(['title', 'score', 'id', 'url', 'comment'])","logger":"airflow.task.hooks.airflow.providers.standard.hooks.subprocess.SubprocessHook"}
{"timestamp":"2025-10-25T13:39:32.122670","level":"info","event":"comment level: dict_keys(['title', 'score', 'id', 'url', 'comment'])","logger":"airflow.task.hooks.airflow.providers.standard.hooks.subprocess.SubprocessHook"}
{"timestamp":"2025-10-25T13:39:32.122704","level":"info","event":"comment level: dict_keys(['title', 'score', 'id', 'url', 'comment'])","logger":"airflow.task.hooks.airflow.providers.standard.hooks.subprocess.SubprocessHook"}
{"timestamp":"2025-10-25T13:39:32.122737","level":"info","event":"comment level: dict_keys(['title', 'score', 'id', 'url', 'comment'])","logger":"airflow.task.hooks.airflow.providers.standard.hooks.subprocess.SubprocessHook"}
{"timestamp":"2025-10-25T13:39:32.122771","level":"info","event":"comment level: dict_keys(['title', 'score', 'id', 'url', 'comment'])","logger":"airflow.task.hooks.airflow.providers.standard.hooks.subprocess.SubprocessHook"}
{"timestamp":"2025-10-25T13:39:32.122804","level":"info","event":"comment level: dict_keys(['title', 'score', 'id', 'url', 'comment'])","logger":"airflow.task.hooks.airflow.providers.standard.hooks.subprocess.SubprocessHook"}
{"timestamp":"2025-10-25T13:39:32.122838","level":"info","event":"comment level: dict_keys(['title', 'score', 'id', 'url', 'comment'])","logger":"airflow.task.hooks.airflow.providers.standard.hooks.subprocess.SubprocessHook"}
{"timestamp":"2025-10-25T13:39:32.122871","level":"info","event":"comment level: dict_keys(['title', 'score', 'id', 'url', 'comment'])","logger":"airflow.task.hooks.airflow.providers.standard.hooks.subprocess.SubprocessHook"}
{"timestamp":"2025-10-25T13:39:32.122904","level":"info","event":"comment level: dict_keys(['title', 'score', 'id', 'url', 'comment'])","logger":"airflow.task.hooks.airflow.providers.standard.hooks.subprocess.SubprocessHook"}
{"timestamp":"2025-10-25T13:39:32.122936","level":"info","event":"comment level: dict_keys(['title', 'score', 'id', 'url', 'comment'])","logger":"airflow.task.hooks.airflow.providers.standard.hooks.subprocess.SubprocessHook"}
{"timestamp":"2025-10-25T13:39:32.122971","level":"info","event":"comment level: dict_keys(['title', 'score', 'id', 'url', 'comment'])","logger":"airflow.task.hooks.airflow.providers.standard.hooks.subprocess.SubprocessHook"}
{"timestamp":"2025-10-25T13:39:32.123002","level":"info","event":"comment level: dict_keys(['title', 'score', 'id', 'url', 'comment'])","logger":"airflow.task.hooks.airflow.providers.standard.hooks.subprocess.SubprocessHook"}
{"timestamp":"2025-10-25T13:39:32.123035","level":"info","event":"comment level: dict_keys(['title', 'score', 'id', 'url', 'comment'])","logger":"airflow.task.hooks.airflow.providers.standard.hooks.subprocess.SubprocessHook"}
{"timestamp":"2025-10-25T13:39:32.123066","level":"info","event":"comment level: dict_keys(['title', 'score', 'id', 'url', 'comment'])","logger":"airflow.task.hooks.airflow.providers.standard.hooks.subprocess.SubprocessHook"}
{"timestamp":"2025-10-25T13:39:32.123098","level":"info","event":"comment level: dict_keys(['title', 'score', 'id', 'url', 'comment'])","logger":"airflow.task.hooks.airflow.providers.standard.hooks.subprocess.SubprocessHook"}
{"timestamp":"2025-10-25T13:39:32.123131","level":"info","event":"comment level: dict_keys(['title', 'score', 'id', 'url', 'comment'])","logger":"airflow.task.hooks.airflow.providers.standard.hooks.subprocess.SubprocessHook"}
{"timestamp":"2025-10-25T13:39:32.123165","level":"info","event":"comment level: dict_keys(['title', 'score', 'id', 'url', 'comment'])","logger":"airflow.task.hooks.airflow.providers.standard.hooks.subprocess.SubprocessHook"}
{"timestamp":"2025-10-25T13:39:32.123196","level":"info","event":"comment level: dict_keys(['title', 'score', 'id', 'url', 'comment'])","logger":"airflow.task.hooks.airflow.providers.standard.hooks.subprocess.SubprocessHook"}
{"timestamp":"2025-10-25T13:39:32.123227","level":"info","event":"comment level: dict_keys(['title', 'score', 'id', 'url', 'comment'])","logger":"airflow.task.hooks.airflow.providers.standard.hooks.subprocess.SubprocessHook"}
{"timestamp":"2025-10-25T13:39:32.123259","level":"info","event":"comment level: dict_keys(['title', 'score', 'id', 'url', 'comment'])","logger":"airflow.task.hooks.airflow.providers.standard.hooks.subprocess.SubprocessHook"}
{"timestamp":"2025-10-25T13:39:32.123292","level":"info","event":"comment level: dict_keys(['title', 'score', 'id', 'url', 'comment'])","logger":"airflow.task.hooks.airflow.providers.standard.hooks.subprocess.SubprocessHook"}
{"timestamp":"2025-10-25T13:39:32.123322","level":"info","event":"comment level: dict_keys(['title', 'score', 'id', 'url', 'comment'])","logger":"airflow.task.hooks.airflow.providers.standard.hooks.subprocess.SubprocessHook"}
{"timestamp":"2025-10-25T13:39:32.123353","level":"info","event":"comment level: dict_keys(['title', 'score', 'id', 'url', 'comment'])","logger":"airflow.task.hooks.airflow.providers.standard.hooks.subprocess.SubprocessHook"}
{"timestamp":"2025-10-25T13:39:32.123385","level":"info","event":"comment level: dict_keys(['title', 'score', 'id', 'url', 'comment'])","logger":"airflow.task.hooks.airflow.providers.standard.hooks.subprocess.SubprocessHook"}
{"timestamp":"2025-10-25T13:39:32.123414","level":"info","event":"comment level: dict_keys(['title', 'score', 'id', 'url', 'comment'])","logger":"airflow.task.hooks.airflow.providers.standard.hooks.subprocess.SubprocessHook"}
{"timestamp":"2025-10-25T13:39:32.123446","level":"info","event":"comment level: dict_keys(['title', 'score', 'id', 'url', 'comment'])","logger":"airflow.task.hooks.airflow.providers.standard.hooks.subprocess.SubprocessHook"}
{"timestamp":"2025-10-25T13:39:32.123478","level":"info","event":"reply level: dict_keys(['title', 'score', 'id', 'url', 'comment'])","logger":"airflow.task.hooks.airflow.providers.standard.hooks.subprocess.SubprocessHook"}
{"timestamp":"2025-10-25T13:39:32.123510","level":"info","event":"comment level: dict_keys(['title', 'score', 'id', 'url', 'comment'])","logger":"airflow.task.hooks.airflow.providers.standard.hooks.subprocess.SubprocessHook"}
{"timestamp":"2025-10-25T13:39:32.123541","level":"info","event":"reply level: dict_keys(['title', 'score', 'id', 'url', 'comment'])","logger":"airflow.task.hooks.airflow.providers.standard.hooks.subprocess.SubprocessHook"}
{"timestamp":"2025-10-25T13:39:32.123574","level":"info","event":"reply level: dict_keys(['title', 'score', 'id', 'url', 'comment'])","logger":"airflow.task.hooks.airflow.providers.standard.hooks.subprocess.SubprocessHook"}
{"timestamp":"2025-10-25T13:39:32.123608","level":"info","event":"reply level: dict_keys(['title', 'score', 'id', 'url', 'comment'])","logger":"airflow.task.hooks.airflow.providers.standard.hooks.subprocess.SubprocessHook"}
{"timestamp":"2025-10-25T13:39:32.123639","level":"info","event":"reply level: dict_keys(['title', 'score', 'id', 'url', 'comment'])","logger":"airflow.task.hooks.airflow.providers.standard.hooks.subprocess.SubprocessHook"}
{"timestamp":"2025-10-25T13:39:32.123671","level":"info","event":"comment level: dict_keys(['title', 'score', 'id', 'url', 'comment'])","logger":"airflow.task.hooks.airflow.providers.standard.hooks.subprocess.SubprocessHook"}
{"timestamp":"2025-10-25T13:39:32.123704","level":"info","event":"reply level: dict_keys(['title', 'score', 'id', 'url', 'comment'])","logger":"airflow.task.hooks.airflow.providers.standard.hooks.subprocess.SubprocessHook"}
{"timestamp":"2025-10-25T13:39:32.168440","level":"info","event":"Command exited with return code 0","logger":"airflow.task.hooks.airflow.providers.standard.hooks.subprocess.SubprocessHook"}
{"timestamp":"2025-10-25T13:39:32.169563","level":"info","event":"Pushing xcom","ti":"RuntimeTaskInstance(id=UUID('019a1b98-598b-7051-8334-afc78d617ce1'), task_id='extract_signals', dag_id='extract_pipeline', run_id='manual__2025-10-25T13:39:20.564953+00:00', try_number=1, map_index=-1, hostname='18071662712c', context_carrier=None, task=<Task(BashOperator): extract_signals>, bundle_instance=LocalDagBundle(name=dags-folder), max_tries=3, start_date=datetime.datetime(2025, 10, 25, 13, 39, 21, 319138, tzinfo=TzInfo(UTC)), end_date=None, state=<TaskInstanceState.RUNNING: 'running'>, is_mapped=False, rendered_map_index=None)","logger":"task"}
