{"timestamp":"2025-10-12T14:16:25.413513","level":"info","event":"DAG bundles loaded: dags-folder","logger":"airflow.dag_processing.bundles.manager.DagBundlesManager"}
{"timestamp":"2025-10-12T14:16:25.414525","level":"info","event":"Filling up the DagBag from /opt/airflow/dags/extract_pipeline.py","logger":"airflow.models.dagbag.DagBag"}
{"timestamp":"2025-10-12T14:16:26.082948","level":"info","event":"Tmp dir root location: /tmp","logger":"airflow.task.hooks.airflow.providers.standard.hooks.subprocess.SubprocessHook"}
{"timestamp":"2025-10-12T14:16:26.084645","level":"info","event":"Running command: ['/usr/bin/bash', '-c', 'python /opt/airflow/dags/operators/fetch_reddit_data.py']","logger":"airflow.task.hooks.airflow.providers.standard.hooks.subprocess.SubprocessHook"}
{"timestamp":"2025-10-12T14:16:26.109010","level":"info","event":"Output:","logger":"airflow.task.hooks.airflow.providers.standard.hooks.subprocess.SubprocessHook"}
{"timestamp":"2025-10-12T14:16:29.760362","level":"info","event":"Traceback (most recent call last):","logger":"airflow.task.hooks.airflow.providers.standard.hooks.subprocess.SubprocessHook"}
{"timestamp":"2025-10-12T14:16:29.760531","level":"info","event":"  File \"/opt/airflow/dags/operators/fetch_reddit_data.py\", line 98, in <module>","logger":"airflow.task.hooks.airflow.providers.standard.hooks.subprocess.SubprocessHook"}
{"timestamp":"2025-10-12T14:16:29.768208","level":"info","event":"    producer = KafkaProducer(","logger":"airflow.task.hooks.airflow.providers.standard.hooks.subprocess.SubprocessHook"}
{"timestamp":"2025-10-12T14:16:29.768369","level":"info","event":"               ^^^^^^^^^^^^^^","logger":"airflow.task.hooks.airflow.providers.standard.hooks.subprocess.SubprocessHook"}
{"timestamp":"2025-10-12T14:16:29.768421","level":"info","event":"  File \"/home/airflow/.local/lib/python3.11/site-packages/kafka/producer/kafka.py\", line 481, in __init__","logger":"airflow.task.hooks.airflow.providers.standard.hooks.subprocess.SubprocessHook"}
{"timestamp":"2025-10-12T14:16:29.768467","level":"info","event":"    client = self.config['kafka_client'](","logger":"airflow.task.hooks.airflow.providers.standard.hooks.subprocess.SubprocessHook"}
{"timestamp":"2025-10-12T14:16:29.768501","level":"info","event":"             ^^^^^^^^^^^^^^^^^^^^^^^^^^^^","logger":"airflow.task.hooks.airflow.providers.standard.hooks.subprocess.SubprocessHook"}
{"timestamp":"2025-10-12T14:16:29.768535","level":"info","event":"  File \"/home/airflow/.local/lib/python3.11/site-packages/kafka/client_async.py\", line 262, in __init__","logger":"airflow.task.hooks.airflow.providers.standard.hooks.subprocess.SubprocessHook"}
{"timestamp":"2025-10-12T14:16:29.768571","level":"info","event":"    self.config['api_version'] = self.check_version()","logger":"airflow.task.hooks.airflow.providers.standard.hooks.subprocess.SubprocessHook"}
{"timestamp":"2025-10-12T14:16:29.768644","level":"info","event":"                                 ^^^^^^^^^^^^^^^^^^^^","logger":"airflow.task.hooks.airflow.providers.standard.hooks.subprocess.SubprocessHook"}
{"timestamp":"2025-10-12T14:16:29.768687","level":"info","event":"  File \"/home/airflow/.local/lib/python3.11/site-packages/kafka/client_async.py\", line 1074, in check_version","logger":"airflow.task.hooks.airflow.providers.standard.hooks.subprocess.SubprocessHook"}
{"timestamp":"2025-10-12T14:16:29.768728","level":"info","event":"    raise Errors.NoBrokersAvailable()","logger":"airflow.task.hooks.airflow.providers.standard.hooks.subprocess.SubprocessHook"}
{"timestamp":"2025-10-12T14:16:29.768759","level":"info","event":"kafka.errors.NoBrokersAvailable: NoBrokersAvailable","logger":"airflow.task.hooks.airflow.providers.standard.hooks.subprocess.SubprocessHook"}
{"timestamp":"2025-10-12T14:16:29.851734","level":"info","event":"Command exited with return code 1","logger":"airflow.task.hooks.airflow.providers.standard.hooks.subprocess.SubprocessHook"}
{"timestamp":"2025-10-12T14:16:29.852565","level":"error","event":"Task failed with exception","logger":"task","error_detail":[{"exc_type":"AirflowException","exc_value":"Bash command failed. The command returned a non-zero exit code 1.","exc_notes":[],"syntax_error":null,"is_cause":false,"frames":[{"filename":"/home/airflow/.local/lib/python3.11/site-packages/airflow/sdk/execution_time/task_runner.py","lineno":867,"name":"run"},{"filename":"/home/airflow/.local/lib/python3.11/site-packages/airflow/sdk/execution_time/task_runner.py","lineno":1159,"name":"_execute_task"},{"filename":"/home/airflow/.local/lib/python3.11/site-packages/airflow/sdk/bases/operator.py","lineno":397,"name":"wrapper"},{"filename":"/home/airflow/.local/lib/python3.11/site-packages/airflow/providers/standard/operators/bash.py","lineno":233,"name":"execute"}],"is_group":false,"exceptions":[]}]}
