{"timestamp":"2025-10-12T14:12:14.735257","level":"info","event":"DAG bundles loaded: dags-folder","logger":"airflow.dag_processing.bundles.manager.DagBundlesManager"}
{"timestamp":"2025-10-12T14:12:14.736586","level":"info","event":"Filling up the DagBag from /opt/airflow/dags/extract_pipeline.py","logger":"airflow.models.dagbag.DagBag"}
{"timestamp":"2025-10-12T14:12:15.436663","level":"info","event":"Tmp dir root location: /tmp","logger":"airflow.task.hooks.airflow.providers.standard.hooks.subprocess.SubprocessHook"}
{"timestamp":"2025-10-12T14:12:15.438198","level":"info","event":"Running command: ['/usr/bin/bash', '-c', 'python /opt/airflow/dags/operators/fetch_reddit_data.py']","logger":"airflow.task.hooks.airflow.providers.standard.hooks.subprocess.SubprocessHook"}
{"timestamp":"2025-10-12T14:12:15.454965","level":"info","event":"Output:","logger":"airflow.task.hooks.airflow.providers.standard.hooks.subprocess.SubprocessHook"}
{"timestamp":"2025-10-12T14:12:18.974032","level":"info","event":"Traceback (most recent call last):","logger":"airflow.task.hooks.airflow.providers.standard.hooks.subprocess.SubprocessHook"}
{"timestamp":"2025-10-12T14:12:18.974386","level":"info","event":"  File \"/opt/airflow/dags/operators/fetch_reddit_data.py\", line 98, in <module>","logger":"airflow.task.hooks.airflow.providers.standard.hooks.subprocess.SubprocessHook"}
{"timestamp":"2025-10-12T14:12:18.989884","level":"info","event":"    producer = KafkaProducer(","logger":"airflow.task.hooks.airflow.providers.standard.hooks.subprocess.SubprocessHook"}
{"timestamp":"2025-10-12T14:12:18.990139","level":"info","event":"               ^^^^^^^^^^^^^^","logger":"airflow.task.hooks.airflow.providers.standard.hooks.subprocess.SubprocessHook"}
{"timestamp":"2025-10-12T14:12:18.990229","level":"info","event":"  File \"/home/airflow/.local/lib/python3.11/site-packages/kafka/producer/kafka.py\", line 481, in __init__","logger":"airflow.task.hooks.airflow.providers.standard.hooks.subprocess.SubprocessHook"}
{"timestamp":"2025-10-12T14:12:18.990313","level":"info","event":"    client = self.config['kafka_client'](","logger":"airflow.task.hooks.airflow.providers.standard.hooks.subprocess.SubprocessHook"}
{"timestamp":"2025-10-12T14:12:18.990374","level":"info","event":"             ^^^^^^^^^^^^^^^^^^^^^^^^^^^^","logger":"airflow.task.hooks.airflow.providers.standard.hooks.subprocess.SubprocessHook"}
{"timestamp":"2025-10-12T14:12:18.990436","level":"info","event":"  File \"/home/airflow/.local/lib/python3.11/site-packages/kafka/client_async.py\", line 262, in __init__","logger":"airflow.task.hooks.airflow.providers.standard.hooks.subprocess.SubprocessHook"}
{"timestamp":"2025-10-12T14:12:18.990493","level":"info","event":"    self.config['api_version'] = self.check_version()","logger":"airflow.task.hooks.airflow.providers.standard.hooks.subprocess.SubprocessHook"}
{"timestamp":"2025-10-12T14:12:18.990546","level":"info","event":"                                 ^^^^^^^^^^^^^^^^^^^^","logger":"airflow.task.hooks.airflow.providers.standard.hooks.subprocess.SubprocessHook"}
{"timestamp":"2025-10-12T14:12:18.990607","level":"info","event":"  File \"/home/airflow/.local/lib/python3.11/site-packages/kafka/client_async.py\", line 1074, in check_version","logger":"airflow.task.hooks.airflow.providers.standard.hooks.subprocess.SubprocessHook"}
{"timestamp":"2025-10-12T14:12:18.990664","level":"info","event":"    raise Errors.NoBrokersAvailable()","logger":"airflow.task.hooks.airflow.providers.standard.hooks.subprocess.SubprocessHook"}
{"timestamp":"2025-10-12T14:12:18.990717","level":"info","event":"kafka.errors.NoBrokersAvailable: NoBrokersAvailable","logger":"airflow.task.hooks.airflow.providers.standard.hooks.subprocess.SubprocessHook"}
{"timestamp":"2025-10-12T14:12:19.068657","level":"info","event":"Command exited with return code 1","logger":"airflow.task.hooks.airflow.providers.standard.hooks.subprocess.SubprocessHook"}
{"timestamp":"2025-10-12T14:12:19.069392","level":"error","event":"Task failed with exception","logger":"task","error_detail":[{"exc_type":"AirflowException","exc_value":"Bash command failed. The command returned a non-zero exit code 1.","exc_notes":[],"syntax_error":null,"is_cause":false,"frames":[{"filename":"/home/airflow/.local/lib/python3.11/site-packages/airflow/sdk/execution_time/task_runner.py","lineno":867,"name":"run"},{"filename":"/home/airflow/.local/lib/python3.11/site-packages/airflow/sdk/execution_time/task_runner.py","lineno":1159,"name":"_execute_task"},{"filename":"/home/airflow/.local/lib/python3.11/site-packages/airflow/sdk/bases/operator.py","lineno":397,"name":"wrapper"},{"filename":"/home/airflow/.local/lib/python3.11/site-packages/airflow/providers/standard/operators/bash.py","lineno":233,"name":"execute"}],"is_group":false,"exceptions":[]}]}
